#
# There is insufficient memory for the Java Runtime Environment to continue.
# Native memory allocation (mmap) failed to map 120586240 bytes for Failed to commit area from 0x0000000094700000 to 0x000000009ba00000 of length 120586240.
# Possible reasons:
#   The system is out of physical RAM or swap space
#   The process is running with CompressedOops enabled, and the Java Heap may be blocking the growth of the native heap
# Possible solutions:
#   Reduce memory load on the system
#   Increase physical memory or swap space
#   Check if swap backing store is full
#   Decrease Java heap size (-Xmx/-Xms)
#   Decrease number of Java threads
#   Decrease Java thread stack sizes (-Xss)
#   Set larger code cache with -XX:ReservedCodeCacheSize=
#   JVM is running with Unscaled Compressed Oops mode in which the Java heap is
#     placed in the first 4GB address space. The Java Heap base address is the
#     maximum limit for the native heap growth. Please use -XX:HeapBaseMinAddress
#     to set the Java Heap base and to place the Java Heap above 4GB virtual address.
# This output file may be truncated or incomplete.
#
#  Out of Memory Error (c:/BuildAgent/work/5ff2f6c26000d570/src/hotspot/os/windows/os_windows.cpp:3281), pid=1272, tid=7072
#
# JRE version: OpenJDK Runtime Environment (11.0.4+10) (build 11.0.4+10-b520.11)
# Java VM: OpenJDK 64-Bit Server VM (11.0.4+10-b520.11, mixed mode, sharing, tiered, compressed oops, g1 gc, windows-amd64)
# No core dump will be written. Minidumps are not enabled by default on client versions of Windows
#

---------------  S U M M A R Y ------------

Command Line: -javaagent:E:\IntelliJ IDEA Community Edition 2019.3\lib\idea_rt.jar=3813:E:\IntelliJ IDEA Community Edition 2019.3\bin -Dfile.encoding=UTF-8 Main

Host: Intel(R) Core(TM) i5-8265U CPU @ 1.60GHz, 8 cores, 7G,  Windows 10 , 64 bit Build 17763 (10.0.17763.475)
Time: Sat Oct 31 07:16:48 2020 RTZ 2 (ceia) elapsed time: 11 seconds (0d 0h 0m 11s)

---------------  T H R E A D  ---------------

Current thread (0x00000232ff1b7800):  VMThread "VM Thread" [stack: 0x0000005384600000,0x0000005384700000] [id=7072]

Stack: [0x0000005384600000,0x0000005384700000]
[error occurred during error reporting (printing stack bounds), id 0xc0000005, EXCEPTION_ACCESS_VIOLATION (0xc0000005) at pc=0x0000023280000bad]

Native frames: (J=compiled Java code, j=interpreted, Vv=VM code, C=native code)
V  [jvm.dll+0x5db21a]
V  [jvm.dll+0x70c4f5]
V  [jvm.dll+0x70da18]
V  [jvm.dll+0x70e045]
V  [jvm.dll+0x70dffb]
V  [jvm.dll+0x5da9a8]
V  [jvm.dll+0x5dae08]
C  [ntdll.dll+0xa479f]
C  [ntdll.dll+0x4bef]
C  [ntdll.dll+0xa350e]
C  0x0000023280000bad

VM_Operation (0x00000053856fa800): G1CollectForAllocation, mode: safepoint, requested by thread 0x0000023291899800


---------------  P R O C E S S  ---------------

Threads class SMR info:
_java_thread_list=0x00000232912f1e30, length=16, elements={
0x00000232ff1b9000, 0x00000232ff1bb800, 0x00000232ff1da800, 0x00000232ff1dc000,
0x00000232ff1df000, 0x00000232ff1e8000, 0x00000232ff1ea800, 0x00000232ffc0e800,
0x00000232ffe41000, 0x00000232ffd47000, 0x0000023291181000, 0x0000023291176800,
0x0000023291177000, 0x0000023291899800, 0x00000232f535d000, 0x0000023291727000
}

Java Threads: ( => current thread )
  0x00000232ff1b9000 JavaThread "Reference Handler" daemon [_thread_blocked, id=7908, stack(0x0000005384700000,0x0000005384800000)]
  0x00000232ff1bb800 JavaThread "Finalizer" daemon [_thread_blocked, id=5376, stack(0x0000005384800000,0x0000005384900000)]
  0x00000232ff1da800 JavaThread "Signal Dispatcher" daemon [_thread_blocked, id=14720, stack(0x0000005384900000,0x0000005384a00000)]
  0x00000232ff1dc000 JavaThread "Attach Listener" daemon [_thread_blocked, id=8980, stack(0x0000005384a00000,0x0000005384b00000)]
  0x00000232ff1df000 JavaThread "C2 CompilerThread0" daemon [_thread_blocked, id=8556, stack(0x0000005384b00000,0x0000005384c00000)]
  0x00000232ff1e8000 JavaThread "C1 CompilerThread0" daemon [_thread_blocked, id=900, stack(0x0000005384c00000,0x0000005384d00000)]
  0x00000232ff1ea800 JavaThread "Sweeper thread" daemon [_thread_blocked, id=13772, stack(0x0000005384d00000,0x0000005384e00000)]
  0x00000232ffc0e800 JavaThread "Common-Cleaner" daemon [_thread_blocked, id=4960, stack(0x0000005384e00000,0x0000005384f00000)]
  0x00000232ffe41000 JavaThread "Monitor Ctrl-Break" daemon [_thread_in_native, id=2864, stack(0x0000005385000000,0x0000005385100000)]
  0x00000232ffd47000 JavaThread "Service Thread" daemon [_thread_blocked, id=14192, stack(0x0000005385100000,0x0000005385200000)]
  0x0000023291181000 JavaThread "Java2D Disposer" daemon [_thread_blocked, id=13008, stack(0x0000005385300000,0x0000005385400000)]
  0x0000023291176800 JavaThread "AWT-Shutdown" [_thread_blocked, id=6320, stack(0x0000005385400000,0x0000005385500000)]
  0x0000023291177000 JavaThread "AWT-Windows" daemon [_thread_in_native, id=4252, stack(0x0000005385500000,0x0000005385600000)]
  0x0000023291899800 JavaThread "AWT-EventQueue-0" [_thread_blocked, id=3664, stack(0x0000005385600000,0x0000005385700000)]
  0x00000232f535d000 JavaThread "DestroyJavaVM" [_thread_blocked, id=12960, stack(0x0000005384000000,0x0000005384100000)]
  0x0000023291727000 JavaThread "TimerQueue" daemon [_thread_blocked, id=2268, stack(0x0000005385a00000,0x0000005385b00000)]

Other Threads:
=>0x00000232ff1b7800 VMThread "VM Thread" [stack: 0x0000005384600000,0x0000005384700000] [id=7072]
  0x00000232ffe12000 WatcherThread [stack: 0x0000005385200000,0x0000005385300000] [id=14908]
  0x00000232f5373800 GCTaskThread "GC Thread#0" [stack: 0x0000005384100000,0x0000005384200000] [id=14180]
  0x0000023291207800 GCTaskThread "GC Thread#1" [stack: 0x0000005384f00000,0x0000005385000000] [id=8108]
  0x0000023291208000 GCTaskThread "GC Thread#2" [stack: 0x0000005385b00000,0x0000005385c00000] [id=12072]
  0x0000023291205000 GCTaskThread "GC Thread#3" [stack: 0x0000005385c00000,0x0000005385d00000] [id=13680]
  0x000002329120b800 GCTaskThread "GC Thread#4" [stack: 0x0000005385d00000,0x0000005385e00000] [id=14300]
  0x000002329120a800 GCTaskThread "GC Thread#5" [stack: 0x0000005385e00000,0x0000005385f00000] [id=8720]
  0x00000232f3b8d000 ConcurrentGCThread "G1 Main Marker" [stack: 0x0000005384200000,0x0000005384300000] [id=2260]
  0x00000232f53a1800 ConcurrentGCThread "G1 Conc#0" [stack: 0x0000005384300000,0x0000005384400000] [id=15224]
  0x000002329120b000 ConcurrentGCThread "G1 Conc#1" [stack: 0x0000005385f00000,0x0000005386000000] [id=11772]
  0x00000232ff046800 ConcurrentGCThread "G1 Refine#0" [stack: 0x0000005384400000,0x0000005384500000] [id=13472]
  0x00000232ff047000 ConcurrentGCThread "G1 Young RemSet Sampling" [stack: 0x0000005384500000,0x0000005384600000] [id=12500]

Threads with active compile tasks:

VM state:at safepoint (normal execution)

VM Mutex/Monitor currently owned by a thread:  ([mutex/lock_event])
[0x00000232f5358460] Threads_lock - owner thread: 0x00000232ff1b7800
[0x00000232f5357920] Heap_lock - owner thread: 0x0000023291899800

Heap address: 0x0000000082e00000, size: 2002 MB, Compressed Oops mode: 32-bit
Narrow klass base: 0x0000000800000000, Narrow klass shift: 3
Compressed class space size: 1073741824 Address: 0x0000000840000000

Heap:
 garbage-first heap   total 405504K, used 35697K [0x0000000082e00000, 0x0000000100000000)
  region size 1024K, 1 young (1024K), 1 survivors (1024K)
 Metaspace       used 10887K, capacity 11311K, committed 11520K, reserved 1058816K
  class space    used 1330K, capacity 1522K, committed 1536K, reserved 1048576K
Heap Regions: E=young(eden), S=young(survivor), O=old, HS=humongous(starts), HC=humongous(continues), CS=collection set, F=free, A=archive, TAMS=top-at-mark-start (previous, next)
|   0|0x0000000082e00000, 0x0000000082f00000, 0x0000000082f00000|100%|HS|  |TAMS 0x0000000082f00000, 0x0000000082f00000| Complete 
|   1|0x0000000082f00000, 0x0000000083000000, 0x0000000083000000|100%|HC|  |TAMS 0x0000000083000000, 0x0000000083000000| Complete 
|   2|0x0000000083000000, 0x0000000083100000, 0x0000000083100000|100%|HC|  |TAMS 0x0000000083100000, 0x0000000083100000| Complete 
|   3|0x0000000083100000, 0x0000000083200000, 0x0000000083200000|100%|HC|  |TAMS 0x0000000083200000, 0x0000000083200000| Complete 
|   4|0x0000000083200000, 0x0000000083300000, 0x0000000083300000|100%|HC|  |TAMS 0x0000000083300000, 0x0000000083300000| Complete 
|   5|0x0000000083300000, 0x0000000083400000, 0x0000000083400000|100%|HC|  |TAMS 0x0000000083400000, 0x0000000083400000| Complete 
|   6|0x0000000083400000, 0x0000000083500000, 0x0000000083500000|100%|HC|  |TAMS 0x0000000083500000, 0x0000000083500000| Complete 
|   7|0x0000000083500000, 0x0000000083600000, 0x0000000083600000|100%|HC|  |TAMS 0x0000000083600000, 0x0000000083600000| Complete 
|   8|0x0000000083600000, 0x0000000083700000, 0x0000000083700000|100%|HS|  |TAMS 0x0000000083600000, 0x0000000083700000| Complete 
|   9|0x0000000083700000, 0x0000000083800000, 0x0000000083800000|100%|HC|  |TAMS 0x0000000083700000, 0x0000000083800000| Complete 
|  10|0x0000000083800000, 0x0000000083900000, 0x0000000083900000|100%|HC|  |TAMS 0x0000000083800000, 0x0000000083900000| Complete 
|  11|0x0000000083900000, 0x0000000083a00000, 0x0000000083a00000|100%|HC|  |TAMS 0x0000000083900000, 0x0000000083a00000| Complete 
|  12|0x0000000083a00000, 0x0000000083b00000, 0x0000000083b00000|100%|HC|  |TAMS 0x0000000083a00000, 0x0000000083b00000| Complete 
|  13|0x0000000083b00000, 0x0000000083c00000, 0x0000000083c00000|100%|HC|  |TAMS 0x0000000083b00000, 0x0000000083c00000| Complete 
|  14|0x0000000083c00000, 0x0000000083d00000, 0x0000000083d00000|100%|HC|  |TAMS 0x0000000083c00000, 0x0000000083d00000| Complete 
|  15|0x0000000083d00000, 0x0000000083e00000, 0x0000000083e00000|100%|HC|  |TAMS 0x0000000083d00000, 0x0000000083e00000| Complete 
|  16|0x0000000083e00000, 0x0000000083f00000, 0x0000000083f00000|100%|HS|  |TAMS 0x0000000083e00000, 0x0000000083f00000| Complete 
|  17|0x0000000083f00000, 0x0000000084000000, 0x0000000084000000|100%|HC|  |TAMS 0x0000000083f00000, 0x0000000084000000| Complete 
|  18|0x0000000084000000, 0x0000000084100000, 0x0000000084100000|100%|HC|  |TAMS 0x0000000084000000, 0x0000000084100000| Complete 
|  19|0x0000000084100000, 0x0000000084200000, 0x0000000084200000|100%|HC|  |TAMS 0x0000000084100000, 0x0000000084200000| Complete 
|  20|0x0000000084200000, 0x0000000084300000, 0x0000000084300000|100%|HC|  |TAMS 0x0000000084200000, 0x0000000084300000| Complete 
|  21|0x0000000084300000, 0x0000000084400000, 0x0000000084400000|100%|HC|  |TAMS 0x0000000084300000, 0x0000000084400000| Complete 
|  22|0x0000000084400000, 0x0000000084500000, 0x0000000084500000|100%|HC|  |TAMS 0x0000000084400000, 0x0000000084500000| Complete 
|  23|0x0000000084500000, 0x0000000084600000, 0x0000000084600000|100%|HC|  |TAMS 0x0000000084500000, 0x0000000084600000| Complete 
|  24|0x0000000084600000, 0x0000000084700000, 0x0000000084700000|100%|HS|  |TAMS 0x0000000084600000, 0x0000000084700000| Complete 
|  25|0x0000000084700000, 0x0000000084800000, 0x0000000084800000|100%|HC|  |TAMS 0x0000000084700000, 0x0000000084800000| Complete 
|  26|0x0000000084800000, 0x0000000084900000, 0x0000000084900000|100%|HC|  |TAMS 0x0000000084800000, 0x0000000084900000| Complete 
|  27|0x0000000084900000, 0x0000000084a00000, 0x0000000084a00000|100%|HC|  |TAMS 0x0000000084900000, 0x0000000084a00000| Complete 
|  28|0x0000000084a00000, 0x0000000084b00000, 0x0000000084b00000|100%|HC|  |TAMS 0x0000000084a00000, 0x0000000084b00000| Complete 
|  29|0x0000000084b00000, 0x0000000084c00000, 0x0000000084c00000|100%|HC|  |TAMS 0x0000000084b00000, 0x0000000084c00000| Complete 
|  30|0x0000000084c00000, 0x0000000084d00000, 0x0000000084d00000|100%|HC|  |TAMS 0x0000000084c00000, 0x0000000084d00000| Complete 
|  31|0x0000000084d00000, 0x0000000084e00000, 0x0000000084e00000|100%|HC|  |TAMS 0x0000000084d00000, 0x0000000084e00000| Complete 
|  32|0x0000000084e00000, 0x0000000084e00000, 0x0000000084f00000|  0%| F|  |TAMS 0x0000000084e00000, 0x0000000084e00000| Untracked 
|  33|0x0000000084f00000, 0x0000000084f00000, 0x0000000085000000|  0%| F|  |TAMS 0x0000000084f00000, 0x0000000084f00000| Untracked 
|  34|0x0000000085000000, 0x0000000085000000, 0x0000000085100000|  0%| F|  |TAMS 0x0000000085000000, 0x0000000085000000| Untracked 
|  35|0x0000000085100000, 0x0000000085100000, 0x0000000085200000|  0%| F|  |TAMS 0x0000000085100000, 0x0000000085100000| Untracked 
|  36|0x0000000085200000, 0x0000000085200000, 0x0000000085300000|  0%| F|  |TAMS 0x0000000085200000, 0x0000000085200000| Untracked 
|  37|0x0000000085300000, 0x0000000085300000, 0x0000000085400000|  0%| F|  |TAMS 0x0000000085300000, 0x0000000085300000| Untracked 
|  38|0x0000000085400000, 0x0000000085400000, 0x0000000085500000|  0%| F|  |TAMS 0x0000000085400000, 0x0000000085400000| Untracked 
|  39|0x0000000085500000, 0x0000000085500000, 0x0000000085600000|  0%| F|  |TAMS 0x0000000085500000, 0x0000000085500000| Untracked 
|  40|0x0000000085600000, 0x0000000085600000, 0x0000000085700000|  0%| F|  |TAMS 0x0000000085600000, 0x0000000085600000| Untracked 
|  41|0x0000000085700000, 0x0000000085700000, 0x0000000085800000|  0%| F|  |TAMS 0x0000000085700000, 0x0000000085700000| Untracked 
|  42|0x0000000085800000, 0x0000000085800000, 0x0000000085900000|  0%| F|  |TAMS 0x0000000085800000, 0x0000000085800000| Untracked 
|  43|0x0000000085900000, 0x0000000085900000, 0x0000000085a00000|  0%| F|  |TAMS 0x0000000085900000, 0x0000000085900000| Untracked 
|  44|0x0000000085a00000, 0x0000000085a00000, 0x0000000085b00000|  0%| F|  |TAMS 0x0000000085a00000, 0x0000000085a00000| Untracked 
|  45|0x0000000085b00000, 0x0000000085b00000, 0x0000000085c00000|  0%| F|  |TAMS 0x0000000085b00000, 0x0000000085b00000| Untracked 
|  46|0x0000000085c00000, 0x0000000085c00000, 0x0000000085d00000|  0%| F|  |TAMS 0x0000000085c00000, 0x0000000085c00000| Untracked 
|  47|0x0000000085d00000, 0x0000000085d00000, 0x0000000085e00000|  0%| F|  |TAMS 0x0000000085d00000, 0x0000000085d00000| Untracked 
|  48|0x0000000085e00000, 0x0000000085e00000, 0x0000000085f00000|  0%| F|  |TAMS 0x0000000085e00000, 0x0000000085e00000| Untracked 
|  49|0x0000000085f00000, 0x0000000085f00000, 0x0000000086000000|  0%| F|  |TAMS 0x0000000085f00000, 0x0000000085f00000| Untracked 
|  50|0x0000000086000000, 0x0000000086000000, 0x0000000086100000|  0%| F|  |TAMS 0x0000000086000000, 0x0000000086000000| Untracked 
|  51|0x0000000086100000, 0x0000000086100000, 0x0000000086200000|  0%| F|  |TAMS 0x0000000086100000, 0x0000000086100000| Untracked 
|  52|0x0000000086200000, 0x0000000086200000, 0x0000000086300000|  0%| F|  |TAMS 0x0000000086200000, 0x0000000086200000| Untracked 
|  53|0x0000000086300000, 0x0000000086300000, 0x0000000086400000|  0%| F|  |TAMS 0x0000000086300000, 0x0000000086300000| Untracked 
|  54|0x0000000086400000, 0x0000000086400000, 0x0000000086500000|  0%| F|  |TAMS 0x0000000086400000, 0x0000000086400000| Untracked 
|  55|0x0000000086500000, 0x0000000086500000, 0x0000000086600000|  0%| F|  |TAMS 0x0000000086500000, 0x0000000086500000| Untracked 
|  56|0x0000000086600000, 0x0000000086700000, 0x0000000086700000|100%| O|  |TAMS 0x0000000086700000, 0x0000000086700000| Untracked 
|  57|0x0000000086700000, 0x0000000086800000, 0x0000000086800000|100%| O|  |TAMS 0x0000000086800000, 0x0000000086800000| Untracked 
|  58|0x0000000086800000, 0x00000000868d8600, 0x0000000086900000| 84%| O|  |TAMS 0x00000000868d8600, 0x00000000868d8600| Untracked 
|  59|0x0000000086900000, 0x0000000086900000, 0x0000000086a00000|  0%| F|  |TAMS 0x0000000086900000, 0x0000000086900000| Untracked 
|  60|0x0000000086a00000, 0x0000000086a00000, 0x0000000086b00000|  0%| F|  |TAMS 0x0000000086a00000, 0x0000000086a00000| Untracked 
|  61|0x0000000086b00000, 0x0000000086b00000, 0x0000000086c00000|  0%| F|  |TAMS 0x0000000086b00000, 0x0000000086b00000| Untracked 
|  62|0x0000000086c00000, 0x0000000086c00000, 0x0000000086d00000|  0%| F|  |TAMS 0x0000000086c00000, 0x0000000086c00000| Untracked 
|  63|0x0000000086d00000, 0x0000000086d00000, 0x0000000086e00000|  0%| F|  |TAMS 0x0000000086d00000, 0x0000000086d00000| Untracked 
|  64|0x0000000086e00000, 0x0000000086e00000, 0x0000000086f00000|  0%| F|  |TAMS 0x0000000086e00000, 0x0000000086e00000| Untracked 
|  65|0x0000000086f00000, 0x0000000086f00000, 0x0000000087000000|  0%| F|  |TAMS 0x0000000086f00000, 0x0000000086f00000| Untracked 
|  66|0x0000000087000000, 0x0000000087000000, 0x0000000087100000|  0%| F|  |TAMS 0x0000000087000000, 0x0000000087000000| Untracked 
|  67|0x0000000087100000, 0x0000000087100000, 0x0000000087200000|  0%| F|  |TAMS 0x0000000087100000, 0x0000000087100000| Untracked 
|  68|0x0000000087200000, 0x0000000087200000, 0x0000000087300000|  0%| F|  |TAMS 0x0000000087200000, 0x0000000087200000| Untracked 
|  69|0x0000000087300000, 0x0000000087300000, 0x0000000087400000|  0%| F|  |TAMS 0x0000000087300000, 0x0000000087300000| Untracked 
|  70|0x0000000087400000, 0x0000000087400000, 0x0000000087500000|  0%| F|  |TAMS 0x0000000087400000, 0x0000000087400000| Untracked 
|  71|0x0000000087500000, 0x0000000087500000, 0x0000000087600000|  0%| F|  |TAMS 0x0000000087500000, 0x0000000087500000| Untracked 
|  72|0x0000000087600000, 0x0000000087600000, 0x0000000087700000|  0%| F|  |TAMS 0x0000000087600000, 0x0000000087600000| Untracked 
|  73|0x0000000087700000, 0x0000000087700000, 0x0000000087800000|  0%| F|  |TAMS 0x0000000087700000, 0x0000000087700000| Untracked 
|  74|0x0000000087800000, 0x0000000087800000, 0x0000000087900000|  0%| F|  |TAMS 0x0000000087800000, 0x0000000087800000| Untracked 
|  75|0x0000000087900000, 0x0000000087900000, 0x0000000087a00000|  0%| F|  |TAMS 0x0000000087900000, 0x0000000087900000| Untracked 
|  76|0x0000000087a00000, 0x0000000087a00000, 0x0000000087b00000|  0%| F|  |TAMS 0x0000000087a00000, 0x0000000087a00000| Untracked 
|  77|0x0000000087b00000, 0x0000000087b00000, 0x0000000087c00000|  0%| F|  |TAMS 0x0000000087b00000, 0x0000000087b00000| Untracked 
|  78|0x0000000087c00000, 0x0000000087c00000, 0x0000000087d00000|  0%| F|  |TAMS 0x0000000087c00000, 0x0000000087c00000| Untracked 
|  79|0x0000000087d00000, 0x0000000087d00000, 0x0000000087e00000|  0%| F|  |TAMS 0x0000000087d00000, 0x0000000087d00000| Untracked 
|  80|0x0000000087e00000, 0x0000000087e00000, 0x0000000087f00000|  0%| F|  |TAMS 0x0000000087e00000, 0x0000000087e00000| Untracked 
|  81|0x0000000087f00000, 0x0000000087f00000, 0x0000000088000000|  0%| F|  |TAMS 0x0000000087f00000, 0x0000000087f00000| Untracked 
|  82|0x0000000088000000, 0x0000000088000000, 0x0000000088100000|  0%| F|  |TAMS 0x0000000088000000, 0x0000000088000000| Untracked 
|  83|0x0000000088100000, 0x0000000088100000, 0x0000000088200000|  0%| F|  |TAMS 0x0000000088100000, 0x0000000088100000| Untracked 
|  84|0x0000000088200000, 0x0000000088200000, 0x0000000088300000|  0%| F|  |TAMS 0x0000000088200000, 0x0000000088200000| Untracked 
|  85|0x0000000088300000, 0x0000000088300000, 0x0000000088400000|  0%| F|  |TAMS 0x0000000088300000, 0x0000000088300000| Untracked 
|  86|0x0000000088400000, 0x0000000088400000, 0x0000000088500000|  0%| F|  |TAMS 0x0000000088400000, 0x0000000088400000| Untracked 
|  87|0x0000000088500000, 0x0000000088500000, 0x0000000088600000|  0%| F|  |TAMS 0x0000000088500000, 0x0000000088500000| Untracked 
|  88|0x0000000088600000, 0x0000000088600000, 0x0000000088700000|  0%| F|  |TAMS 0x0000000088600000, 0x0000000088600000| Untracked 
|  89|0x0000000088700000, 0x0000000088700000, 0x0000000088800000|  0%| F|  |TAMS 0x0000000088700000, 0x0000000088700000| Untracked 
|  90|0x0000000088800000, 0x0000000088800000, 0x0000000088900000|  0%| F|  |TAMS 0x0000000088800000, 0x0000000088800000| Untracked 
|  91|0x0000000088900000, 0x0000000088900000, 0x0000000088a00000|  0%| F|  |TAMS 0x0000000088900000, 0x0000000088900000| Untracked 
|  92|0x0000000088a00000, 0x0000000088a00000, 0x0000000088b00000|  0%| F|  |TAMS 0x0000000088a00000, 0x0000000088a00000| Untracked 
|  93|0x0000000088b00000, 0x0000000088b00000, 0x0000000088c00000|  0%| F|  |TAMS 0x0000000088b00000, 0x0000000088b00000| Untracked 
|  94|0x0000000088c00000, 0x0000000088c00000, 0x0000000088d00000|  0%| F|  |TAMS 0x0000000088c00000, 0x0000000088c00000| Untracked 
|  95|0x0000000088d00000, 0x0000000088d00000, 0x0000000088e00000|  0%| F|  |TAMS 0x0000000088d00000, 0x0000000088d00000| Untracked 
|  96|0x0000000088e00000, 0x0000000088e00000, 0x0000000088f00000|  0%| F|  |TAMS 0x0000000088e00000, 0x0000000088e00000| Untracked 
|  97|0x0000000088f00000, 0x0000000088f00000, 0x0000000089000000|  0%| F|  |TAMS 0x0000000088f00000, 0x0000000088f00000| Untracked 
|  98|0x0000000089000000, 0x0000000089000000, 0x0000000089100000|  0%| F|  |TAMS 0x0000000089000000, 0x0000000089000000| Untracked 
|  99|0x0000000089100000, 0x0000000089100000, 0x0000000089200000|  0%| F|  |TAMS 0x0000000089100000, 0x0000000089100000| Untracked 
| 100|0x0000000089200000, 0x0000000089200000, 0x0000000089300000|  0%| F|  |TAMS 0x0000000089200000, 0x0000000089200000| Untracked 
| 101|0x0000000089300000, 0x0000000089300000, 0x0000000089400000|  0%| F|  |TAMS 0x0000000089300000, 0x0000000089300000| Untracked 
| 102|0x0000000089400000, 0x0000000089400000, 0x0000000089500000|  0%| F|  |TAMS 0x0000000089400000, 0x0000000089400000| Untracked 
| 103|0x0000000089500000, 0x0000000089500000, 0x0000000089600000|  0%| F|  |TAMS 0x0000000089500000, 0x0000000089500000| Untracked 
| 104|0x0000000089600000, 0x0000000089600000, 0x0000000089700000|  0%| F|  |TAMS 0x0000000089600000, 0x0000000089600000| Untracked 
| 105|0x0000000089700000, 0x0000000089700000, 0x0000000089800000|  0%| F|  |TAMS 0x0000000089700000, 0x0000000089700000| Untracked 
| 106|0x0000000089800000, 0x0000000089800000, 0x0000000089900000|  0%| F|  |TAMS 0x0000000089800000, 0x0000000089800000| Untracked 
| 107|0x0000000089900000, 0x0000000089900000, 0x0000000089a00000|  0%| F|  |TAMS 0x0000000089900000, 0x0000000089900000| Untracked 
| 108|0x0000000089a00000, 0x0000000089a00000, 0x0000000089b00000|  0%| F|  |TAMS 0x0000000089a00000, 0x0000000089a00000| Untracked 
| 109|0x0000000089b00000, 0x0000000089b00000, 0x0000000089c00000|  0%| F|  |TAMS 0x0000000089b00000, 0x0000000089b00000| Untracked 
| 110|0x0000000089c00000, 0x0000000089c00000, 0x0000000089d00000|  0%| F|  |TAMS 0x0000000089c00000, 0x0000000089c00000| Untracked 
| 111|0x0000000089d00000, 0x0000000089d00000, 0x0000000089e00000|  0%| F|  |TAMS 0x0000000089d00000, 0x0000000089d00000| Untracked 
| 112|0x0000000089e00000, 0x0000000089e00000, 0x0000000089f00000|  0%| F|  |TAMS 0x0000000089e00000, 0x0000000089e00000| Untracked 
| 113|0x0000000089f00000, 0x0000000089f00000, 0x000000008a000000|  0%| F|  |TAMS 0x0000000089f00000, 0x0000000089f00000| Untracked 
| 114|0x000000008a000000, 0x000000008a000000, 0x000000008a100000|  0%| F|  |TAMS 0x000000008a000000, 0x000000008a000000| Untracked 
| 115|0x000000008a100000, 0x000000008a100000, 0x000000008a200000|  0%| F|  |TAMS 0x000000008a100000, 0x000000008a100000| Untracked 
| 116|0x000000008a200000, 0x000000008a200000, 0x000000008a300000|  0%| F|  |TAMS 0x000000008a200000, 0x000000008a200000| Untracked 
| 117|0x000000008a300000, 0x000000008a300000, 0x000000008a400000|  0%| F|  |TAMS 0x000000008a300000, 0x000000008a300000| Untracked 
| 118|0x000000008a400000, 0x000000008a400000, 0x000000008a500000|  0%| F|  |TAMS 0x000000008a400000, 0x000000008a400000| Untracked 
| 119|0x000000008a500000, 0x000000008a500000, 0x000000008a600000|  0%| F|  |TAMS 0x000000008a500000, 0x000000008a500000| Untracked 
| 120|0x000000008a600000, 0x000000008a600000, 0x000000008a700000|  0%| F|  |TAMS 0x000000008a600000, 0x000000008a600000| Untracked 
| 121|0x000000008a700000, 0x000000008a700000, 0x000000008a800000|  0%| F|  |TAMS 0x000000008a700000, 0x000000008a700000| Untracked 
| 122|0x000000008a800000, 0x000000008a800000, 0x000000008a900000|  0%| F|  |TAMS 0x000000008a800000, 0x000000008a800000| Untracked 
| 123|0x000000008a900000, 0x000000008a900000, 0x000000008aa00000|  0%| F|  |TAMS 0x000000008a900000, 0x000000008a900000| Untracked 
| 124|0x000000008aa00000, 0x000000008aa00000, 0x000000008ab00000|  0%| F|  |TAMS 0x000000008aa00000, 0x000000008aa00000| Untracked 
| 125|0x000000008ab00000, 0x000000008ab00000, 0x000000008ac00000|  0%| F|  |TAMS 0x000000008ab00000, 0x000000008ab00000| Untracked 
| 126|0x000000008ac00000, 0x000000008ac00000, 0x000000008ad00000|  0%| F|  |TAMS 0x000000008ac00000, 0x000000008ac00000| Untracked 
| 127|0x000000008ad00000, 0x000000008ad00000, 0x000000008ae00000|  0%| F|  |TAMS 0x000000008ad00000, 0x000000008ad00000| Untracked 
| 128|0x000000008ae00000, 0x000000008ae00000, 0x000000008af00000|  0%| F|  |TAMS 0x000000008ae00000, 0x000000008ae00000| Untracked 
| 129|0x000000008af00000, 0x000000008af00000, 0x000000008b000000|  0%| F|  |TAMS 0x000000008af00000, 0x000000008af00000| Untracked 
| 130|0x000000008b000000, 0x000000008b000000, 0x000000008b100000|  0%| F|  |TAMS 0x000000008b000000, 0x000000008b000000| Untracked 
| 131|0x000000008b100000, 0x000000008b100000, 0x000000008b200000|  0%| F|  |TAMS 0x000000008b100000, 0x000000008b100000| Untracked 
| 132|0x000000008b200000, 0x000000008b200000, 0x000000008b300000|  0%| F|  |TAMS 0x000000008b200000, 0x000000008b200000| Untracked 
| 133|0x000000008b300000, 0x000000008b300000, 0x000000008b400000|  0%| F|  |TAMS 0x000000008b300000, 0x000000008b300000| Untracked 
| 134|0x000000008b400000, 0x000000008b400000, 0x000000008b500000|  0%| F|  |TAMS 0x000000008b400000, 0x000000008b400000| Untracked 
| 135|0x000000008b500000, 0x000000008b500000, 0x000000008b600000|  0%| F|  |TAMS 0x000000008b500000, 0x000000008b500000| Untracked 
| 136|0x000000008b600000, 0x000000008b600000, 0x000000008b700000|  0%| F|  |TAMS 0x000000008b600000, 0x000000008b600000| Untracked 
| 137|0x000000008b700000, 0x000000008b700000, 0x000000008b800000|  0%| F|  |TAMS 0x000000008b700000, 0x000000008b700000| Untracked 
| 138|0x000000008b800000, 0x000000008b800000, 0x000000008b900000|  0%| F|  |TAMS 0x000000008b800000, 0x000000008b800000| Untracked 
| 139|0x000000008b900000, 0x000000008b900000, 0x000000008ba00000|  0%| F|  |TAMS 0x000000008b900000, 0x000000008b900000| Untracked 
| 140|0x000000008ba00000, 0x000000008ba00000, 0x000000008bb00000|  0%| F|  |TAMS 0x000000008ba00000, 0x000000008ba00000| Untracked 
| 141|0x000000008bb00000, 0x000000008bb00000, 0x000000008bc00000|  0%| F|  |TAMS 0x000000008bb00000, 0x000000008bb00000| Untracked 
| 142|0x000000008bc00000, 0x000000008bc00000, 0x000000008bd00000|  0%| F|  |TAMS 0x000000008bc00000, 0x000000008bc00000| Untracked 
| 143|0x000000008bd00000, 0x000000008bd00000, 0x000000008be00000|  0%| F|  |TAMS 0x000000008bd00000, 0x000000008bd00000| Untracked 
| 144|0x000000008be00000, 0x000000008be00000, 0x000000008bf00000|  0%| F|  |TAMS 0x000000008be00000, 0x000000008be00000| Untracked 
| 145|0x000000008bf00000, 0x000000008bf00000, 0x000000008c000000|  0%| F|  |TAMS 0x000000008bf00000, 0x000000008bf00000| Untracked 
| 146|0x000000008c000000, 0x000000008c000000, 0x000000008c100000|  0%| F|  |TAMS 0x000000008c000000, 0x000000008c000000| Untracked 
| 147|0x000000008c100000, 0x000000008c100000, 0x000000008c200000|  0%| F|  |TAMS 0x000000008c100000, 0x000000008c100000| Untracked 
| 148|0x000000008c200000, 0x000000008c200000, 0x000000008c300000|  0%| F|  |TAMS 0x000000008c200000, 0x000000008c200000| Untracked 
| 149|0x000000008c300000, 0x000000008c300000, 0x000000008c400000|  0%| F|  |TAMS 0x000000008c300000, 0x000000008c300000| Untracked 
| 150|0x000000008c400000, 0x000000008c400000, 0x000000008c500000|  0%| F|  |TAMS 0x000000008c400000, 0x000000008c400000| Untracked 
| 151|0x000000008c500000, 0x000000008c500000, 0x000000008c600000|  0%| F|  |TAMS 0x000000008c500000, 0x000000008c500000| Untracked 
| 152|0x000000008c600000, 0x000000008c600000, 0x000000008c700000|  0%| F|  |TAMS 0x000000008c600000, 0x000000008c600000| Untracked 
| 153|0x000000008c700000, 0x000000008c700000, 0x000000008c800000|  0%| F|  |TAMS 0x000000008c700000, 0x000000008c700000| Untracked 
| 154|0x000000008c800000, 0x000000008c800000, 0x000000008c900000|  0%| F|  |TAMS 0x000000008c800000, 0x000000008c800000| Untracked 
| 155|0x000000008c900000, 0x000000008c900000, 0x000000008ca00000|  0%| F|  |TAMS 0x000000008c900000, 0x000000008c900000| Untracked 
| 156|0x000000008ca00000, 0x000000008ca00000, 0x000000008cb00000|  0%| F|  |TAMS 0x000000008ca00000, 0x000000008ca00000| Untracked 
| 157|0x000000008cb00000, 0x000000008cb00000, 0x000000008cc00000|  0%| F|  |TAMS 0x000000008cb00000, 0x000000008cb00000| Untracked 
| 158|0x000000008cc00000, 0x000000008cc00000, 0x000000008cd00000|  0%| F|  |TAMS 0x000000008cc00000, 0x000000008cc00000| Untracked 
| 159|0x000000008cd00000, 0x000000008cd00000, 0x000000008ce00000|  0%| F|  |TAMS 0x000000008cd00000, 0x000000008cd00000| Untracked 
| 160|0x000000008ce00000, 0x000000008ce00000, 0x000000008cf00000|  0%| F|  |TAMS 0x000000008ce00000, 0x000000008ce00000| Untracked 
| 161|0x000000008cf00000, 0x000000008cf00000, 0x000000008d000000|  0%| F|  |TAMS 0x000000008cf00000, 0x000000008cf00000| Untracked 
| 162|0x000000008d000000, 0x000000008d000000, 0x000000008d100000|  0%| F|  |TAMS 0x000000008d000000, 0x000000008d000000| Untracked 
| 163|0x000000008d100000, 0x000000008d100000, 0x000000008d200000|  0%| F|  |TAMS 0x000000008d100000, 0x000000008d100000| Untracked 
| 164|0x000000008d200000, 0x000000008d200000, 0x000000008d300000|  0%| F|  |TAMS 0x000000008d200000, 0x000000008d200000| Untracked 
| 165|0x000000008d300000, 0x000000008d300000, 0x000000008d400000|  0%| F|  |TAMS 0x000000008d300000, 0x000000008d300000| Untracked 
| 166|0x000000008d400000, 0x000000008d400000, 0x000000008d500000|  0%| F|  |TAMS 0x000000008d400000, 0x000000008d400000| Untracked 
| 167|0x000000008d500000, 0x000000008d500000, 0x000000008d600000|  0%| F|  |TAMS 0x000000008d500000, 0x000000008d500000| Untracked 
| 168|0x000000008d600000, 0x000000008d600000, 0x000000008d700000|  0%| F|  |TAMS 0x000000008d600000, 0x000000008d600000| Untracked 
| 169|0x000000008d700000, 0x000000008d700000, 0x000000008d800000|  0%| F|  |TAMS 0x000000008d700000, 0x000000008d700000| Untracked 
| 170|0x000000008d800000, 0x000000008d800000, 0x000000008d900000|  0%| F|  |TAMS 0x000000008d800000, 0x000000008d800000| Untracked 
| 171|0x000000008d900000, 0x000000008d900000, 0x000000008da00000|  0%| F|  |TAMS 0x000000008d900000, 0x000000008d900000| Untracked 
| 172|0x000000008da00000, 0x000000008da00000, 0x000000008db00000|  0%| F|  |TAMS 0x000000008da00000, 0x000000008da00000| Untracked 
| 173|0x000000008db00000, 0x000000008db00000, 0x000000008dc00000|  0%| F|  |TAMS 0x000000008db00000, 0x000000008db00000| Untracked 
| 174|0x000000008dc00000, 0x000000008dc00000, 0x000000008dd00000|  0%| F|  |TAMS 0x000000008dc00000, 0x000000008dc00000| Untracked 
| 175|0x000000008dd00000, 0x000000008dd00000, 0x000000008de00000|  0%| F|  |TAMS 0x000000008dd00000, 0x000000008dd00000| Untracked 
| 176|0x000000008de00000, 0x000000008de00000, 0x000000008df00000|  0%| F|  |TAMS 0x000000008de00000, 0x000000008de00000| Untracked 
| 177|0x000000008df00000, 0x000000008df00000, 0x000000008e000000|  0%| F|  |TAMS 0x000000008df00000, 0x000000008df00000| Untracked 
| 178|0x000000008e000000, 0x000000008e000000, 0x000000008e100000|  0%| F|  |TAMS 0x000000008e000000, 0x000000008e000000| Untracked 
| 179|0x000000008e100000, 0x000000008e100000, 0x000000008e200000|  0%| F|  |TAMS 0x000000008e100000, 0x000000008e100000| Untracked 
| 180|0x000000008e200000, 0x000000008e200000, 0x000000008e300000|  0%| F|  |TAMS 0x000000008e200000, 0x000000008e200000| Untracked 
| 181|0x000000008e300000, 0x000000008e300000, 0x000000008e400000|  0%| F|  |TAMS 0x000000008e300000, 0x000000008e300000| Untracked 
| 182|0x000000008e400000, 0x000000008e400000, 0x000000008e500000|  0%| F|  |TAMS 0x000000008e400000, 0x000000008e400000| Untracked 
| 183|0x000000008e500000, 0x000000008e500000, 0x000000008e600000|  0%| F|  |TAMS 0x000000008e500000, 0x000000008e500000| Untracked 
| 184|0x000000008e600000, 0x000000008e600000, 0x000000008e700000|  0%| F|  |TAMS 0x000000008e600000, 0x000000008e600000| Untracked 
| 185|0x000000008e700000, 0x000000008e700000, 0x000000008e800000|  0%| F|  |TAMS 0x000000008e700000, 0x000000008e700000| Untracked 
| 186|0x000000008e800000, 0x000000008e800000, 0x000000008e900000|  0%| F|  |TAMS 0x000000008e800000, 0x000000008e800000| Untracked 
| 187|0x000000008e900000, 0x000000008e900000, 0x000000008ea00000|  0%| F|  |TAMS 0x000000008e900000, 0x000000008e900000| Untracked 
| 188|0x000000008ea00000, 0x000000008ea00000, 0x000000008eb00000|  0%| F|  |TAMS 0x000000008ea00000, 0x000000008ea00000| Untracked 
| 189|0x000000008eb00000, 0x000000008eb00000, 0x000000008ec00000|  0%| F|  |TAMS 0x000000008eb00000, 0x000000008eb00000| Untracked 
| 190|0x000000008ec00000, 0x000000008ec00000, 0x000000008ed00000|  0%| F|  |TAMS 0x000000008ec00000, 0x000000008ec00000| Untracked 
| 191|0x000000008ed00000, 0x000000008ed00000, 0x000000008ee00000|  0%| F|  |TAMS 0x000000008ed00000, 0x000000008ed00000| Untracked 
| 192|0x000000008ee00000, 0x000000008ee00000, 0x000000008ef00000|  0%| F|  |TAMS 0x000000008ee00000, 0x000000008ee00000| Untracked 
| 193|0x000000008ef00000, 0x000000008ef00000, 0x000000008f000000|  0%| F|  |TAMS 0x000000008ef00000, 0x000000008ef00000| Untracked 
| 194|0x000000008f000000, 0x000000008f000000, 0x000000008f100000|  0%| F|  |TAMS 0x000000008f000000, 0x000000008f000000| Untracked 
| 195|0x000000008f100000, 0x000000008f100000, 0x000000008f200000|  0%| F|  |TAMS 0x000000008f100000, 0x000000008f100000| Untracked 
| 196|0x000000008f200000, 0x000000008f200000, 0x000000008f300000|  0%| F|  |TAMS 0x000000008f200000, 0x000000008f200000| Untracked 
| 197|0x000000008f300000, 0x000000008f300000, 0x000000008f400000|  0%| F|  |TAMS 0x000000008f300000, 0x000000008f300000| Untracked 
| 198|0x000000008f400000, 0x000000008f400000, 0x000000008f500000|  0%| F|  |TAMS 0x000000008f400000, 0x000000008f400000| Untracked 
| 199|0x000000008f500000, 0x000000008f500000, 0x000000008f600000|  0%| F|  |TAMS 0x000000008f500000, 0x000000008f500000| Untracked 
| 200|0x000000008f600000, 0x000000008f600000, 0x000000008f700000|  0%| F|  |TAMS 0x000000008f600000, 0x000000008f600000| Untracked 
| 201|0x000000008f700000, 0x000000008f700000, 0x000000008f800000|  0%| F|  |TAMS 0x000000008f700000, 0x000000008f700000| Untracked 
| 202|0x000000008f800000, 0x000000008f800000, 0x000000008f900000|  0%| F|  |TAMS 0x000000008f800000, 0x000000008f800000| Untracked 
| 203|0x000000008f900000, 0x000000008f900000, 0x000000008fa00000|  0%| F|  |TAMS 0x000000008f900000, 0x000000008f900000| Untracked 
| 204|0x000000008fa00000, 0x000000008fa00000, 0x000000008fb00000|  0%| F|  |TAMS 0x000000008fa00000, 0x000000008fa00000| Untracked 
| 205|0x000000008fb00000, 0x000000008fb00000, 0x000000008fc00000|  0%| F|  |TAMS 0x000000008fb00000, 0x000000008fb00000| Untracked 
| 206|0x000000008fc00000, 0x000000008fc00000, 0x000000008fd00000|  0%| F|  |TAMS 0x000000008fc00000, 0x000000008fc00000| Untracked 
| 207|0x000000008fd00000, 0x000000008fd00000, 0x000000008fe00000|  0%| F|  |TAMS 0x000000008fd00000, 0x000000008fd00000| Untracked 
| 208|0x000000008fe00000, 0x000000008fe00000, 0x000000008ff00000|  0%| F|  |TAMS 0x000000008fe00000, 0x000000008fe00000| Untracked 
| 209|0x000000008ff00000, 0x000000008ff00000, 0x0000000090000000|  0%| F|  |TAMS 0x000000008ff00000, 0x000000008ff00000| Untracked 
| 210|0x0000000090000000, 0x0000000090000000, 0x0000000090100000|  0%| F|  |TAMS 0x0000000090000000, 0x0000000090000000| Untracked 
| 211|0x0000000090100000, 0x0000000090100000, 0x0000000090200000|  0%| F|  |TAMS 0x0000000090100000, 0x0000000090100000| Untracked 
| 212|0x0000000090200000, 0x0000000090200000, 0x0000000090300000|  0%| F|  |TAMS 0x0000000090200000, 0x0000000090200000| Untracked 
| 213|0x0000000090300000, 0x0000000090300000, 0x0000000090400000|  0%| F|  |TAMS 0x0000000090300000, 0x0000000090300000| Untracked 
| 214|0x0000000090400000, 0x0000000090400000, 0x0000000090500000|  0%| F|  |TAMS 0x0000000090400000, 0x0000000090400000| Untracked 
| 215|0x0000000090500000, 0x0000000090500000, 0x0000000090600000|  0%| F|  |TAMS 0x0000000090500000, 0x0000000090500000| Untracked 
| 216|0x0000000090600000, 0x0000000090600000, 0x0000000090700000|  0%| F|  |TAMS 0x0000000090600000, 0x0000000090600000| Untracked 
| 217|0x0000000090700000, 0x0000000090700000, 0x0000000090800000|  0%| F|  |TAMS 0x0000000090700000, 0x0000000090700000| Untracked 
| 218|0x0000000090800000, 0x0000000090800000, 0x0000000090900000|  0%| F|  |TAMS 0x0000000090800000, 0x0000000090800000| Untracked 
| 219|0x0000000090900000, 0x0000000090900000, 0x0000000090a00000|  0%| F|  |TAMS 0x0000000090900000, 0x0000000090900000| Untracked 
| 220|0x0000000090a00000, 0x0000000090a00000, 0x0000000090b00000|  0%| F|  |TAMS 0x0000000090a00000, 0x0000000090a00000| Untracked 
| 221|0x0000000090b00000, 0x0000000090b00000, 0x0000000090c00000|  0%| F|  |TAMS 0x0000000090b00000, 0x0000000090b00000| Untracked 
| 222|0x0000000090c00000, 0x0000000090c00000, 0x0000000090d00000|  0%| F|  |TAMS 0x0000000090c00000, 0x0000000090c00000| Untracked 
| 223|0x0000000090d00000, 0x0000000090d00000, 0x0000000090e00000|  0%| F|  |TAMS 0x0000000090d00000, 0x0000000090d00000| Untracked 
| 224|0x0000000090e00000, 0x0000000090e00000, 0x0000000090f00000|  0%| F|  |TAMS 0x0000000090e00000, 0x0000000090e00000| Untracked 
| 225|0x0000000090f00000, 0x0000000090f00000, 0x0000000091000000|  0%| F|  |TAMS 0x0000000090f00000, 0x0000000090f00000| Untracked 
| 226|0x0000000091000000, 0x0000000091000000, 0x0000000091100000|  0%| F|  |TAMS 0x0000000091000000, 0x0000000091000000| Untracked 
| 227|0x0000000091100000, 0x0000000091100000, 0x0000000091200000|  0%| F|  |TAMS 0x0000000091100000, 0x0000000091100000| Untracked 
| 228|0x0000000091200000, 0x0000000091200000, 0x0000000091300000|  0%| F|  |TAMS 0x0000000091200000, 0x0000000091200000| Untracked 
| 229|0x0000000091300000, 0x0000000091300000, 0x0000000091400000|  0%| F|  |TAMS 0x0000000091300000, 0x0000000091300000| Untracked 
| 230|0x0000000091400000, 0x0000000091400000, 0x0000000091500000|  0%| F|  |TAMS 0x0000000091400000, 0x0000000091400000| Untracked 
| 231|0x0000000091500000, 0x0000000091500000, 0x0000000091600000|  0%| F|  |TAMS 0x0000000091500000, 0x0000000091500000| Untracked 
| 232|0x0000000091600000, 0x0000000091600000, 0x0000000091700000|  0%| F|  |TAMS 0x0000000091600000, 0x0000000091600000| Untracked 
| 233|0x0000000091700000, 0x0000000091700000, 0x0000000091800000|  0%| F|  |TAMS 0x0000000091700000, 0x0000000091700000| Untracked 
| 234|0x0000000091800000, 0x0000000091800000, 0x0000000091900000|  0%| F|  |TAMS 0x0000000091800000, 0x0000000091800000| Untracked 
| 235|0x0000000091900000, 0x0000000091900000, 0x0000000091a00000|  0%| F|  |TAMS 0x0000000091900000, 0x0000000091900000| Untracked 
| 236|0x0000000091a00000, 0x0000000091a00000, 0x0000000091b00000|  0%| F|  |TAMS 0x0000000091a00000, 0x0000000091a00000| Untracked 
| 237|0x0000000091b00000, 0x0000000091b00000, 0x0000000091c00000|  0%| F|  |TAMS 0x0000000091b00000, 0x0000000091b00000| Untracked 
| 238|0x0000000091c00000, 0x0000000091c00000, 0x0000000091d00000|  0%| F|  |TAMS 0x0000000091c00000, 0x0000000091c00000| Untracked 
| 239|0x0000000091d00000, 0x0000000091d00000, 0x0000000091e00000|  0%| F|  |TAMS 0x0000000091d00000, 0x0000000091d00000| Untracked 
| 240|0x0000000091e00000, 0x0000000091e00000, 0x0000000091f00000|  0%| F|  |TAMS 0x0000000091e00000, 0x0000000091e00000| Untracked 
| 241|0x0000000091f00000, 0x0000000091f00000, 0x0000000092000000|  0%| F|  |TAMS 0x0000000091f00000, 0x0000000091f00000| Untracked 
| 242|0x0000000092000000, 0x0000000092000000, 0x0000000092100000|  0%| F|  |TAMS 0x0000000092000000, 0x0000000092000000| Untracked 
| 243|0x0000000092100000, 0x0000000092100000, 0x0000000092200000|  0%| F|  |TAMS 0x0000000092100000, 0x0000000092100000| Untracked 
| 244|0x0000000092200000, 0x0000000092200000, 0x0000000092300000|  0%| F|  |TAMS 0x0000000092200000, 0x0000000092200000| Untracked 
| 245|0x0000000092300000, 0x0000000092300000, 0x0000000092400000|  0%| F|  |TAMS 0x0000000092300000, 0x0000000092300000| Untracked 
| 246|0x0000000092400000, 0x0000000092400000, 0x0000000092500000|  0%| F|  |TAMS 0x0000000092400000, 0x0000000092400000| Untracked 
| 247|0x0000000092500000, 0x0000000092500000, 0x0000000092600000|  0%| F|  |TAMS 0x0000000092500000, 0x0000000092500000| Untracked 
| 248|0x0000000092600000, 0x0000000092600000, 0x0000000092700000|  0%| F|  |TAMS 0x0000000092600000, 0x0000000092600000| Untracked 
| 249|0x0000000092700000, 0x0000000092700000, 0x0000000092800000|  0%| F|  |TAMS 0x0000000092700000, 0x0000000092700000| Untracked 
| 250|0x0000000092800000, 0x0000000092800000, 0x0000000092900000|  0%| F|  |TAMS 0x0000000092800000, 0x0000000092800000| Untracked 
| 251|0x0000000092900000, 0x0000000092900000, 0x0000000092a00000|  0%| F|  |TAMS 0x0000000092900000, 0x0000000092900000| Untracked 
| 252|0x0000000092a00000, 0x0000000092a00000, 0x0000000092b00000|  0%| F|  |TAMS 0x0000000092a00000, 0x0000000092a00000| Untracked 
| 253|0x0000000092b00000, 0x0000000092b00000, 0x0000000092c00000|  0%| F|  |TAMS 0x0000000092b00000, 0x0000000092b00000| Untracked 
| 254|0x0000000092c00000, 0x0000000092c00000, 0x0000000092d00000|  0%| F|  |TAMS 0x0000000092c00000, 0x0000000092c00000| Untracked 
| 255|0x0000000092d00000, 0x0000000092d00000, 0x0000000092e00000|  0%| F|  |TAMS 0x0000000092d00000, 0x0000000092d00000| Untracked 
| 256|0x0000000092e00000, 0x0000000092e00000, 0x0000000092f00000|  0%| F|  |TAMS 0x0000000092e00000, 0x0000000092e00000| Untracked 
| 257|0x0000000092f00000, 0x0000000092f00000, 0x0000000093000000|  0%| F|  |TAMS 0x0000000092f00000, 0x0000000092f00000| Untracked 
| 258|0x0000000093000000, 0x0000000093000000, 0x0000000093100000|  0%| F|  |TAMS 0x0000000093000000, 0x0000000093000000| Untracked 
| 259|0x0000000093100000, 0x0000000093100000, 0x0000000093200000|  0%| F|  |TAMS 0x0000000093100000, 0x0000000093100000| Untracked 
| 260|0x0000000093200000, 0x0000000093200000, 0x0000000093300000|  0%| F|  |TAMS 0x0000000093200000, 0x0000000093200000| Untracked 
| 261|0x0000000093300000, 0x0000000093300000, 0x0000000093400000|  0%| F|  |TAMS 0x0000000093300000, 0x0000000093300000| Untracked 
| 262|0x0000000093400000, 0x0000000093400000, 0x0000000093500000|  0%| F|  |TAMS 0x0000000093400000, 0x0000000093400000| Untracked 
| 263|0x0000000093500000, 0x0000000093500000, 0x0000000093600000|  0%| F|  |TAMS 0x0000000093500000, 0x0000000093500000| Untracked 
| 264|0x0000000093600000, 0x0000000093600000, 0x0000000093700000|  0%| F|  |TAMS 0x0000000093600000, 0x0000000093600000| Untracked 
| 265|0x0000000093700000, 0x0000000093700000, 0x0000000093800000|  0%| F|  |TAMS 0x0000000093700000, 0x0000000093700000| Untracked 
| 266|0x0000000093800000, 0x0000000093800000, 0x0000000093900000|  0%| F|  |TAMS 0x0000000093800000, 0x0000000093800000| Untracked 
| 267|0x0000000093900000, 0x0000000093900000, 0x0000000093a00000|  0%| F|  |TAMS 0x0000000093900000, 0x0000000093900000| Untracked 
| 268|0x0000000093a00000, 0x0000000093a00000, 0x0000000093b00000|  0%| F|  |TAMS 0x0000000093a00000, 0x0000000093a00000| Untracked 
| 269|0x0000000093b00000, 0x0000000093b00000, 0x0000000093c00000|  0%| F|  |TAMS 0x0000000093b00000, 0x0000000093b00000| Untracked 
| 270|0x0000000093c00000, 0x0000000093c00000, 0x0000000093d00000|  0%| F|  |TAMS 0x0000000093c00000, 0x0000000093c00000| Untracked 
| 271|0x0000000093d00000, 0x0000000093d00000, 0x0000000093e00000|  0%| F|  |TAMS 0x0000000093d00000, 0x0000000093d00000| Untracked 
| 272|0x0000000093e00000, 0x0000000093e00000, 0x0000000093f00000|  0%| F|  |TAMS 0x0000000093e00000, 0x0000000093e00000| Untracked 
| 273|0x0000000093f00000, 0x0000000093f00000, 0x0000000094000000|  0%| F|  |TAMS 0x0000000093f00000, 0x0000000093f00000| Untracked 
| 274|0x0000000094000000, 0x0000000094000000, 0x0000000094100000|  0%| F|  |TAMS 0x0000000094000000, 0x0000000094000000| Untracked 
| 275|0x0000000094100000, 0x0000000094100000, 0x0000000094200000|  0%| F|  |TAMS 0x0000000094100000, 0x0000000094100000| Untracked 
| 276|0x0000000094200000, 0x0000000094200000, 0x0000000094300000|  0%| F|  |TAMS 0x0000000094200000, 0x0000000094200000| Untracked 
| 277|0x0000000094300000, 0x0000000094300000, 0x0000000094400000|  0%| F|  |TAMS 0x0000000094300000, 0x0000000094300000| Untracked 
| 278|0x0000000094400000, 0x0000000094400000, 0x0000000094500000|  0%| F|  |TAMS 0x0000000094400000, 0x0000000094400000| Untracked 
| 279|0x0000000094500000, 0x0000000094504080, 0x0000000094600000|  1%| S|CS|TAMS 0x0000000094500000, 0x0000000094500000| Complete 
| 280|0x0000000094600000, 0x0000000094600000, 0x0000000094700000|  0%| F|  |TAMS 0x0000000094600000, 0x0000000094600000| Untracked 

Card table byte_map: [0x00000232fa090000,0x00000232fa480000] _byte_map_base: 0x00000232f9c79000

Marking Bits (Prev, Next): (CMBitMap*) 0x00000232f3b8c778, (CMBitMap*) 0x00000232f3b8c7b0
 Prev Bits: [0x00000232fa870000, 0x00000232fc7b8000)
 Next Bits: [0x00000232fc7c0000, 0x00000232fe708000)

Polling page: 0x00000232f3a30000

Metaspace:

Usage:
  Non-class:      9.56 MB capacity,     9.33 MB ( 98%) used,   189.11 KB (  2%) free+waste,    42.56 KB ( <1%) overhead. 
      Class:      1.49 MB capacity,     1.30 MB ( 87%) used,   167.47 KB ( 11%) free+waste,    24.25 KB (  2%) overhead. 
       Both:     11.05 MB capacity,    10.63 MB ( 96%) used,   356.58 KB (  3%) free+waste,    66.81 KB ( <1%) overhead. 

Virtual space:
  Non-class space:       10.00 MB reserved,       9.75 MB ( 98%) committed 
      Class space:        1.00 GB reserved,       1.50 MB ( <1%) committed 
             Both:        1.01 GB reserved,      11.25 MB (  1%) committed 

Chunk freelists:
   Non-Class:  3.00 KB
       Class:  14.00 KB
        Both:  17.00 KB

CodeHeap 'non-profiled nmethods': size=120000Kb used=513Kb max_used=513Kb free=119486Kb
 bounds [0x0000023287ad0000, 0x0000023287d40000, 0x000002328f000000]
CodeHeap 'profiled nmethods': size=120000Kb used=2719Kb max_used=2719Kb free=117280Kb
 bounds [0x00000232805a0000, 0x0000023280850000, 0x0000023287ad0000]
CodeHeap 'non-nmethods': size=5760Kb used=1237Kb max_used=1252Kb free=4522Kb
 bounds [0x0000023280000000, 0x0000023280270000, 0x00000232805a0000]
 total_blobs=2328 nmethods=1461 adapters=520
 compilation: enabled
              stopped_count=0, restarted_count=0
 full_count=0

Compilation events (10 events):
Event: 11.626 Thread 0x00000232ff1e8000 1470       3       java.util.IdentityHashMap$KeyIterator::next (13 bytes)
Event: 11.627 Thread 0x00000232ff1e8000 nmethod 1470 0x0000023280847c10 code [0x0000023280847de0, 0x0000023280848110]
Event: 11.627 Thread 0x00000232ff1e8000 1471       3       java.util.IdentityHashMap::unmaskNull (13 bytes)
Event: 11.627 Thread 0x00000232ff1e8000 nmethod 1471 0x0000023280848210 code [0x00000232808483c0, 0x0000023280848558]
Event: 11.630 Thread 0x00000232ff1df000 1472   !   4       java.io.BufferedWriter::flushBuffer (53 bytes)
Event: 11.635 Thread 0x00000232ff1df000 nmethod 1472 0x0000023287b4fa90 code [0x0000023287b4fc40, 0x0000023287b50048]
Event: 11.635 Thread 0x00000232ff1df000 1473       4       sun.awt.AppContext::getAppContext (51 bytes)
Event: 11.636 Thread 0x00000232ff1df000 nmethod 1473 0x0000023287b50210 code [0x0000023287b503a0, 0x0000023287b50438]
Event: 11.637 Thread 0x00000232ff1df000 1474       4       java.nio.ByteBuffer::clear (7 bytes)
Event: 11.637 Thread 0x00000232ff1df000 nmethod 1474 0x0000023287b50510 code [0x0000023287b506a0, 0x0000023287b50738]

GC Heap History (10 events):
Event: 11.361 GC heap after
{Heap after GC invocations=35 (full 0):
 garbage-first heap   total 184320K, used 52072K [0x0000000082e00000, 0x0000000100000000)
  region size 1024K, 1 young (1024K), 1 survivors (1024K)
 Metaspace       used 10851K, capacity 11311K, committed 11520K, reserved 1058816K
  class space    used 1330K, capacity 1522K, committed 1536K, reserved 1048576K
}
Event: 11.382 GC heap before
{Heap before GC invocations=36 (full 0):
 garbage-first heap   total 184320K, used 76648K [0x0000000082e00000, 0x0000000100000000)
  region size 1024K, 2 young (2048K), 1 survivors (1024K)
 Metaspace       used 10856K, capacity 11311K, committed 11520K, reserved 1058816K
  class space    used 1330K, capacity 1522K, committed 1536K, reserved 1048576K
}
Event: 11.386 GC heap after
{Heap after GC invocations=37 (full 0):
 garbage-first heap   total 287744K, used 35682K [0x0000000082e00000, 0x0000000100000000)
  region size 1024K, 1 young (1024K), 1 survivors (1024K)
 Metaspace       used 10856K, capacity 11311K, committed 11520K, reserved 1058816K
  class space    used 1330K, capacity 1522K, committed 1536K, reserved 1048576K
}
Event: 11.495 GC heap before
{Heap before GC invocations=38 (full 0):
 garbage-first heap   total 287744K, used 125794K [0x0000000082e00000, 0x0000000100000000)
  region size 1024K, 2 young (2048K), 1 survivors (1024K)
 Metaspace       used 10878K, capacity 11311K, committed 11520K, reserved 1058816K
  class space    used 1330K, capacity 1522K, committed 1536K, reserved 1048576K
}
Event: 11.496 GC heap after
{Heap after GC invocations=39 (full 0):
 garbage-first heap   total 287744K, used 101225K [0x0000000082e00000, 0x0000000100000000)
  region size 1024K, 1 young (1024K), 1 survivors (1024K)
 Metaspace       used 10878K, capacity 11311K, committed 11520K, reserved 1058816K
  class space    used 1330K, capacity 1522K, committed 1536K, reserved 1048576K
}
Event: 11.527 GC heap before
{Heap before GC invocations=40 (full 0):
 garbage-first heap   total 287744K, used 125801K [0x0000000082e00000, 0x0000000100000000)
  region size 1024K, 2 young (2048K), 1 survivors (1024K)
 Metaspace       used 10878K, capacity 11311K, committed 11520K, reserved 1058816K
  class space    used 1330K, capacity 1522K, committed 1536K, reserved 1048576K
}
Event: 11.528 GC heap after
{Heap after GC invocations=41 (full 0):
 garbage-first heap   total 287744K, used 35691K [0x0000000082e00000, 0x0000000100000000)
  region size 1024K, 1 young (1024K), 1 survivors (1024K)
 Metaspace       used 10878K, capacity 11311K, committed 11520K, reserved 1058816K
  class space    used 1330K, capacity 1522K, committed 1536K, reserved 1048576K
}
Event: 11.616 GC heap before
{Heap before GC invocations=42 (full 0):
 garbage-first heap   total 287744K, used 126827K [0x0000000082e00000, 0x0000000100000000)
  region size 1024K, 3 young (3072K), 1 survivors (1024K)
 Metaspace       used 10886K, capacity 11311K, committed 11520K, reserved 1058816K
  class space    used 1330K, capacity 1522K, committed 1536K, reserved 1048576K
}
Event: 11.617 GC heap after
{Heap after GC invocations=43 (full 0):
 garbage-first heap   total 287744K, used 101231K [0x0000000082e00000, 0x0000000100000000)
  region size 1024K, 1 young (1024K), 1 survivors (1024K)
 Metaspace       used 10886K, capacity 11311K, committed 11520K, reserved 1058816K
  class space    used 1330K, capacity 1522K, committed 1536K, reserved 1048576K
}
Event: 11.643 GC heap before
{Heap before GC invocations=44 (full 0):
 garbage-first heap   total 287744K, used 125807K [0x0000000082e00000, 0x0000000100000000)
  region size 1024K, 2 young (2048K), 1 survivors (1024K)
 Metaspace       used 10887K, capacity 11311K, committed 11520K, reserved 1058816K
  class space    used 1330K, capacity 1522K, committed 1536K, reserved 1048576K
}

Deoptimization events (10 events):
Event: 5.923 Thread 0x0000023291899800 Uncommon trap: trap_request=0xffffffde fr.pc=0x0000023287af5c74 relative=0x0000000000000254
Event: 5.923 Thread 0x0000023291899800 Uncommon trap: reason=class_check action=maybe_recompile pc=0x0000023287af5c74 method=java.lang.String.equals(Ljava/lang/Object;)Z @ 8 c2
Event: 5.923 Thread 0x0000023291899800 DEOPT PACKING pc=0x0000023287af5c74 sp=0x00000053856f4d30
Event: 5.923 Thread 0x0000023291899800 DEOPT UNPACKING pc=0x000002328002922f sp=0x00000053856f4cc8 mode 2
Event: 10.800 Thread 0x0000023291899800 Uncommon trap: trap_request=0xffffff4d fr.pc=0x0000023287afa700 relative=0x0000000000000380
Event: 10.800 Thread 0x0000023291899800 Uncommon trap: reason=unstable_if action=reinterpret pc=0x0000023287afa700 method=jdk.internal.org.objectweb.asm.Type.getArgumentsAndReturnSizes(Ljava/lang/String;)I @ 88 c2
Event: 10.800 Thread 0x0000023291899800 DEOPT PACKING pc=0x0000023287afa700 sp=0x00000053856f9770
Event: 10.800 Thread 0x0000023291899800 DEOPT UNPACKING pc=0x000002328002922f sp=0x00000053856f9708 mode 2
Event: 11.078 Thread 0x0000023291899800 DEOPT PACKING pc=0x000002328080d9ff sp=0x00000053856fad60
Event: 11.078 Thread 0x0000023291899800 DEOPT UNPACKING pc=0x000002328002904e sp=0x00000053856fa1f0 mode 0

Classes redefined (0 events):
No events

Internal exceptions (10 events):
Event: 0.408 Thread 0x00000232f535d000 Exception <a 'java/lang/NoSuchMethodError'{0x000000008a562db8}: 'java.lang.Object java.lang.invoke.DirectMethodHandle$Holder.invokeSpecial(java.lang.Object, java.lang.Object, int, java.lang.Object, java.lang.Object, java.lang.Object)'> (0x000000008a562db8
Event: 0.412 Thread 0x00000232f535d000 Exception <a 'java/lang/NoSuchMethodError'{0x000000008a57a698}: 'java.lang.Object java.lang.invoke.DirectMethodHandle$Holder.invokeStatic(java.lang.Object, int, java.lang.Object)'> (0x000000008a57a698) thrown at [c:/BuildAgent/work/5ff2f6c26000d570/src/ho
Event: 0.460 Thread 0x00000232f535d000 Exception <a 'java/lang/ClassNotFoundException'{0x000000008a4255d0}: com/sun/swing/internal/plaf/metal/resources/spi/metalProvider> (0x000000008a4255d0) thrown at [c:/BuildAgent/work/5ff2f6c26000d570/src/hotspot/share/classfile/systemDictionary.cpp, line 
Event: 0.462 Thread 0x00000232f535d000 Exception <a 'java/lang/ClassNotFoundException'{0x000000008a429c20}: com/sun/swing/internal/plaf/basic/resources/spi/basicProvider> (0x000000008a429c20) thrown at [c:/BuildAgent/work/5ff2f6c26000d570/src/hotspot/share/classfile/systemDictionary.cpp, line 
Event: 0.549 Thread 0x00000232f535d000 Exception <a 'java/lang/NoSuchMethodError'{0x000000008a4bacf8}: 'void java.lang.invoke.DirectMethodHandle$Holder.invokeStaticInit(java.lang.Object)'> (0x000000008a4bacf8) thrown at [c:/BuildAgent/work/5ff2f6c26000d570/src/hotspot/share/interpreter/linkRes
Event: 0.605 Thread 0x00000232f535d000 Exception <a 'java/lang/NoSuchMethodError'{0x000000008a20de10}: 'java.lang.Object java.lang.invoke.DirectMethodHandle$Holder.invokeStatic(java.lang.Object, java.lang.Object, java.lang.Object, java.lang.Object, java.lang.Object, java.lang.Object, java.lang
Event: 0.607 Thread 0x00000232f535d000 Exception <a 'java/lang/NoSuchMethodError'{0x000000008a22c018}: 'java.lang.Object java.lang.invoke.DirectMethodHandle$Holder.invokeStatic(java.lang.Object, java.lang.Object, java.lang.Object, java.lang.Object, java.lang.Object, java.lang.Object, java.lang
Event: 0.611 Thread 0x00000232f535d000 Exception <a 'java/lang/NoSuchMethodError'{0x000000008a24afb0}: 'java.lang.Object java.lang.invoke.DirectMethodHandle$Holder.invokeStatic(java.lang.Object, java.lang.Object, java.lang.Object, java.lang.Object, java.lang.Object, java.lang.Object, java.lang
Event: 0.612 Thread 0x00000232f535d000 Exception <a 'java/lang/NoSuchMethodError'{0x000000008a256f60}: 'java.lang.Object java.lang.invoke.Invokers$Holder.linkToTargetMethod(java.lang.Object, int, java.lang.Object)'> (0x000000008a256f60) thrown at [c:/BuildAgent/work/5ff2f6c26000d570/src/hotspo
Event: 0.629 Thread 0x00000232f535d000 Exception <a 'java/lang/NoSuchMethodError'{0x000000008a11bc68}: 'java.lang.Object java.lang.invoke.DirectMethodHandle$Holder.invokeStatic(java.lang.Object, java.lang.Object, java.lang.Object, java.lang.Object, java.lang.Object, java.lang.Object, java.lang

Events (10 events):
Event: 11.538 Executing VM operation: CGC_Operation done
Event: 11.543 Executing VM operation: CGC_Operation
Event: 11.543 Executing VM operation: CGC_Operation done
Event: 11.616 Executing VM operation: G1CollectForAllocation
Event: 11.617 Executing VM operation: G1CollectForAllocation done
Event: 11.627 Executing VM operation: CGC_Operation
Event: 11.628 Executing VM operation: CGC_Operation done
Event: 11.633 Executing VM operation: CGC_Operation
Event: 11.633 Executing VM operation: CGC_Operation done
Event: 11.643 Executing VM operation: G1CollectForAllocation


Dynamic libraries:
0x00007ff68e0f0000 - 0x00007ff68e137000 	E:\IntelliJ IDEA Community Edition 2019.3\jbr\bin\java.exe
0x00007ffd1edd0000 - 0x00007ffd1efbd000 	C:\Windows\SYSTEM32\ntdll.dll
0x00007ffd1e500000 - 0x00007ffd1e5b3000 	C:\Windows\System32\KERNEL32.DLL
0x00007ffd1b750000 - 0x00007ffd1b9e5000 	C:\Windows\System32\KERNELBASE.dll
0x00007ffd1e160000 - 0x00007ffd1e2f7000 	C:\Windows\System32\USER32.dll
0x00007ffd1bfa0000 - 0x00007ffd1bfc0000 	C:\Windows\System32\win32u.dll
0x00007ffd1bfc0000 - 0x00007ffd1bfe9000 	C:\Windows\System32\GDI32.dll
0x00007ffd1bbd0000 - 0x00007ffd1bd6c000 	C:\Windows\System32\gdi32full.dll
0x00007ffd1af00000 - 0x00007ffd1afa0000 	C:\Windows\System32\msvcp_win.dll
0x00007ffd1b9f0000 - 0x00007ffd1baea000 	C:\Windows\System32\ucrtbase.dll
0x00007ffcfb090000 - 0x00007ffcfb309000 	C:\Windows\WinSxS\amd64_microsoft.windows.common-controls_6595b64144ccf1df_6.0.17763.1518_none_de6e2bd0534e2567\COMCTL32.dll
0x00007ffd1e330000 - 0x00007ffd1e3ce000 	C:\Windows\System32\msvcrt.dll
0x00007ffd1e930000 - 0x00007ffd1ec5d000 	C:\Windows\System32\combase.dll
0x00007ffd1e3d0000 - 0x00007ffd1e4f2000 	C:\Windows\System32\RPCRT4.dll
0x00007ffd1baf0000 - 0x00007ffd1bb6e000 	C:\Windows\System32\bcryptPrimitives.dll
0x00007ffd1e300000 - 0x00007ffd1e32e000 	C:\Windows\System32\IMM32.DLL
0x00007ffd0fbe0000 - 0x00007ffd0fbf7000 	E:\IntelliJ IDEA Community Edition 2019.3\jbr\bin\vcruntime140.dll
0x00007ffce2f90000 - 0x00007ffce302d000 	E:\IntelliJ IDEA Community Edition 2019.3\jbr\bin\msvcp140.dll
0x00007ffce2300000 - 0x00007ffce2db8000 	E:\IntelliJ IDEA Community Edition 2019.3\jbr\bin\server\jvm.dll
0x00007ffd1e7f0000 - 0x00007ffd1e893000 	C:\Windows\System32\ADVAPI32.dll
0x00007ffd1c6d0000 - 0x00007ffd1c76e000 	C:\Windows\System32\sechost.dll
0x00007ffd1c8b0000 - 0x00007ffd1c8b8000 	C:\Windows\System32\PSAPI.DLL
0x00007ffd13770000 - 0x00007ffd13794000 	C:\Windows\SYSTEM32\WINMM.dll
0x00007ffd02740000 - 0x00007ffd02749000 	C:\Windows\SYSTEM32\WSOCK32.dll
0x00007ffd1df70000 - 0x00007ffd1dfdd000 	C:\Windows\System32\WS2_32.dll
0x00007ffd10f10000 - 0x00007ffd10f1a000 	C:\Windows\SYSTEM32\VERSION.dll
0x00007ffd136b0000 - 0x00007ffd136dd000 	C:\Windows\SYSTEM32\WINMMBASE.dll
0x00007ffd1bf50000 - 0x00007ffd1bf9a000 	C:\Windows\System32\cfgmgr32.dll
0x00007ffd1ae10000 - 0x00007ffd1ae21000 	C:\Windows\System32\kernel.appcore.dll
0x00007ffd133c0000 - 0x00007ffd133d1000 	E:\IntelliJ IDEA Community Edition 2019.3\jbr\bin\verify.dll
0x00007ffd16570000 - 0x00007ffd1675d000 	C:\Windows\SYSTEM32\DBGHELP.DLL
0x00007ffd02f50000 - 0x00007ffd02f7a000 	C:\Windows\SYSTEM32\dbgcore.DLL
0x00007ffd11170000 - 0x00007ffd11199000 	E:\IntelliJ IDEA Community Edition 2019.3\jbr\bin\java.dll
0x00007ffd0d890000 - 0x00007ffd0d8c4000 	E:\IntelliJ IDEA Community Edition 2019.3\jbr\bin\instrument.dll
0x00007ffd11cc0000 - 0x00007ffd11cd7000 	E:\IntelliJ IDEA Community Edition 2019.3\jbr\bin\zip.dll
0x00007ffd13440000 - 0x00007ffd1344b000 	E:\IntelliJ IDEA Community Edition 2019.3\jbr\bin\jimage.dll
0x00007ffd1c8c0000 - 0x00007ffd1ddb9000 	C:\Windows\System32\SHELL32.dll
0x00007ffd1ec60000 - 0x00007ffd1ed08000 	C:\Windows\System32\shcore.dll
0x00007ffd1afa0000 - 0x00007ffd1b6f2000 	C:\Windows\System32\windows.storage.dll
0x00007ffd1ade0000 - 0x00007ffd1ae04000 	C:\Windows\System32\profapi.dll
0x00007ffd1ad80000 - 0x00007ffd1addd000 	C:\Windows\System32\powrprof.dll
0x00007ffd1e620000 - 0x00007ffd1e672000 	C:\Windows\System32\shlwapi.dll
0x00007ffd1b700000 - 0x00007ffd1b717000 	C:\Windows\System32\cryptsp.dll
0x00007ffd110d0000 - 0x00007ffd110ea000 	E:\IntelliJ IDEA Community Edition 2019.3\jbr\bin\net.dll
0x00007ffd0c130000 - 0x00007ffd0c224000 	C:\Windows\SYSTEM32\WINHTTP.dll
0x00007ffd0bd10000 - 0x00007ffd0bee7000 	C:\Windows\SYSTEM32\urlmon.dll
0x00007ffd0c4e0000 - 0x00007ffd0c789000 	C:\Windows\SYSTEM32\iertutil.dll
0x00007ffd1a7c0000 - 0x00007ffd1a7cc000 	C:\Windows\SYSTEM32\CRYPTBASE.DLL
0x00007ffd1a5f0000 - 0x00007ffd1a657000 	C:\Windows\system32\mswsock.dll
0x00007ffd102e0000 - 0x00007ffd102f4000 	E:\IntelliJ IDEA Community Edition 2019.3\jbr\bin\nio.dll
0x00007ffd0b5a0000 - 0x00007ffd0b5ba000 	E:\IntelliJ IDEA Community Edition 2019.3\bin\breakgen64.dll
0x00007ffce3030000 - 0x00007ffce31d1000 	E:\IntelliJ IDEA Community Edition 2019.3\jbr\bin\awt.dll
0x00007ffd1c5a0000 - 0x00007ffd1c664000 	C:\Windows\System32\OLEAUT32.dll
0x00007ffd16030000 - 0x00007ffd1605e000 	C:\Windows\SYSTEM32\dwmapi.dll
0x00007ffd1bd70000 - 0x00007ffd1bf4c000 	C:\Windows\System32\CRYPT32.dll
0x00007ffd12a50000 - 0x00007ffd1300e000 	C:\Windows\SYSTEM32\d2d1.dll
0x00007ffd1ae30000 - 0x00007ffd1ae42000 	C:\Windows\System32\MSASN1.dll
0x00007ffd13ff0000 - 0x00007ffd1407c000 	C:\Windows\SYSTEM32\apphelp.dll
0x00007ffd153a0000 - 0x00007ffd1543c000 	C:\Windows\system32\uxtheme.dll
0x00007ffce8910000 - 0x00007ffce8a37000 	C:\Windows\system32\opengl32.dll
0x00007ffce9a50000 - 0x00007ffce9a7c000 	C:\Windows\SYSTEM32\GLU32.dll
0x00007ffd1e680000 - 0x00007ffd1e7eb000 	C:\Windows\System32\MSCTF.dll
0x00007ffd1dfe0000 - 0x00007ffd1e136000 	C:\Windows\System32\ole32.dll
0x00007ffd03110000 - 0x00007ffd03192000 	E:\IntelliJ IDEA Community Edition 2019.3\jbr\bin\freetype.dll
0x00007ffd02890000 - 0x00007ffd02938000 	E:\IntelliJ IDEA Community Edition 2019.3\jbr\bin\fontmanager.dll
0x00007ffd0e240000 - 0x00007ffd0e2d5000 	C:\Windows\System32\TextInputFramework.dll
0x00007ffd13b00000 - 0x00007ffd13be2000 	C:\Windows\System32\CoreMessaging.dll
0x00007ffd0dd80000 - 0x00007ffd0e0a2000 	C:\Windows\System32\CoreUIComponents.dll
0x00007ffd19df0000 - 0x00007ffd19e21000 	C:\Windows\SYSTEM32\ntmarta.dll
0x00007ffd151c0000 - 0x00007ffd15313000 	C:\Windows\SYSTEM32\wintypes.dll
0x00007ffd1c7f0000 - 0x00007ffd1c892000 	C:\Windows\System32\clbcatq.dll
0x00007ffcf8560000 - 0x00007ffcf8718000 	C:\Windows\SYSTEM32\WindowsCodecs.dll
0x00007ffce9b50000 - 0x00007ffce9ba6000 	C:\Windows\system32\dataexchange.dll
0x00007ffd127d0000 - 0x00007ffd12a4e000 	C:\Windows\system32\d3d11.dll
0x00007ffd134e0000 - 0x00007ffd136a4000 	C:\Windows\system32\dcomp.dll
0x00007ffd19aa0000 - 0x00007ffd19b62000 	C:\Windows\system32\dxgi.dll
0x00007ffd16060000 - 0x00007ffd16274000 	C:\Windows\system32\twinapi.appcore.dll
0x00007ffd16330000 - 0x00007ffd16358000 	C:\Windows\system32\RMCLIENT.dll

dbghelp: loaded successfully - version: 4.0.5 - missing functions: none
symbol engine: initialized successfully - sym options: 0x614 - pdb path: .;E:\IntelliJ IDEA Community Edition 2019.3\jbr\bin;C:\Windows\SYSTEM32;C:\Windows\WinSxS\amd64_microsoft.windows.common-controls_6595b64144ccf1df_6.0.17763.1518_none_de6e2bd0534e2567;E:\IntelliJ IDEA Community Edition 2019.3\jbr\bin\server;E:\IntelliJ IDEA Community Edition 2019.3\bin

VM Arguments:
jvm_args: -javaagent:E:\IntelliJ IDEA Community Edition 2019.3\lib\idea_rt.jar=3813:E:\IntelliJ IDEA Community Edition 2019.3\bin -Dfile.encoding=UTF-8 
java_command: Main
java_class_path (initial): E:\\Task3\out\production\Task3
Launcher Type: SUN_STANDARD

[Global flags]
     intx CICompilerCount                          = 4                                         {product} {ergonomic}
     uint ConcGCThreads                            = 2                                         {product} {ergonomic}
     uint G1ConcRefinementThreads                  = 8                                         {product} {ergonomic}
   size_t G1HeapRegionSize                         = 1048576                                   {product} {ergonomic}
    uintx GCDrainStackTargetSize                   = 64                                        {product} {ergonomic}
   size_t InitialHeapSize                          = 132120576                                 {product} {ergonomic}
   size_t MarkStackSize                            = 4194304                                   {product} {ergonomic}
   size_t MaxHeapSize                              = 2099249152                                {product} {ergonomic}
   size_t MaxNewSize                               = 1259339776                                {product} {ergonomic}
   size_t MinHeapDeltaBytes                        = 1048576                                   {product} {ergonomic}
    uintx NonNMethodCodeHeapSize                   = 5835340                                {pd product} {ergonomic}
    uintx NonProfiledCodeHeapSize                  = 122911450                              {pd product} {ergonomic}
    uintx ProfiledCodeHeapSize                     = 122911450                              {pd product} {ergonomic}
    uintx ReservedCodeCacheSize                    = 251658240                              {pd product} {ergonomic}
     bool SegmentedCodeCache                       = true                                      {product} {ergonomic}
     bool UseCompressedClassPointers               = true                                 {lp64_product} {ergonomic}
     bool UseCompressedOops                        = true                                 {lp64_product} {ergonomic}
     bool UseG1GC                                  = true                                      {product} {ergonomic}
     bool UseLargePagesIndividualAllocation        = false                                  {pd product} {ergonomic}

Logging:
Log output configuration:
 #0: stdout all=warning uptime,level,tags
 #1: stderr all=off uptime,level,tags

Environment Variables:
PATH=C:\app\Lenovo\product\dbhomeXE\bin;C:\Program Files (x86)\Common Files\Oracle\Java\javapath;C:\Windows\system32;C:\Windows;C:\Windows\System32\Wbem;C:\Windows\System32\WindowsPowerShell\v1.0\;C:\Windows\System32\OpenSSH\;E:\Git\cmd;C:\Users\Lenovo\AppData\Local\Microsoft\WindowsApps;
USERNAME=Lenovo
OS=Windows_NT
PROCESSOR_IDENTIFIER=Intel64 Family 6 Model 142 Stepping 12, GenuineIntel



---------------  S Y S T E M  ---------------

OS: Windows 10 , 64 bit Build 17763 (10.0.17763.475)

CPU:total 8 (initial active 8) (4 cores per cpu, 2 threads per core) family 6 model 142 stepping 12, cmov, cx8, fxsr, mmx, sse, sse2, sse3, ssse3, sse4.1, sse4.2, popcnt, avx, avx2, aes, clmul, erms, 3dnowpref, lzcnt, ht, tsc, tscinvbit, bmi1, bmi2, adx, fma

Memory: 4k page, system-wide physical 8005M (2093M free)
TotalPageFile size 10053M (AvailPageFile size 19M)
current process WorkingSet (physical memory assigned to process): 204M, peak: 204M
current process commit charge ("private bytes"): 391M, peak: 506M

vm_info: OpenJDK 64-Bit Server VM (11.0.4+10-b520.11) for windows-amd64 JRE (11.0.4+10-b520.11), built on Nov 16 2019 04:35:14 by "" with MS VC++ 14.0 (VS2015)

END.
