#
# There is insufficient memory for the Java Runtime Environment to continue.
# Native memory allocation (mmap) failed to map 126877696 bytes for Failed to commit area from 0x0000000092200000 to 0x0000000099b00000 of length 126877696.
# Possible reasons:
#   The system is out of physical RAM or swap space
#   The process is running with CompressedOops enabled, and the Java Heap may be blocking the growth of the native heap
# Possible solutions:
#   Reduce memory load on the system
#   Increase physical memory or swap space
#   Check if swap backing store is full
#   Decrease Java heap size (-Xmx/-Xms)
#   Decrease number of Java threads
#   Decrease Java thread stack sizes (-Xss)
#   Set larger code cache with -XX:ReservedCodeCacheSize=
#   JVM is running with Unscaled Compressed Oops mode in which the Java heap is
#     placed in the first 4GB address space. The Java Heap base address is the
#     maximum limit for the native heap growth. Please use -XX:HeapBaseMinAddress
#     to set the Java Heap base and to place the Java Heap above 4GB virtual address.
# This output file may be truncated or incomplete.
#
#  Out of Memory Error (c:/BuildAgent/work/5ff2f6c26000d570/src/hotspot/os/windows/os_windows.cpp:3281), pid=9016, tid=7584
#
# JRE version: OpenJDK Runtime Environment (11.0.4+10) (build 11.0.4+10-b520.11)
# Java VM: OpenJDK 64-Bit Server VM (11.0.4+10-b520.11, mixed mode, sharing, tiered, compressed oops, g1 gc, windows-amd64)
# No core dump will be written. Minidumps are not enabled by default on client versions of Windows
#

---------------  S U M M A R Y ------------

Command Line: -javaagent:E:\IntelliJ IDEA Community Edition 2019.3\lib\idea_rt.jar=3804:E:\IntelliJ IDEA Community Edition 2019.3\bin -Dfile.encoding=UTF-8 Main

Host: Intel(R) Core(TM) i5-8265U CPU @ 1.60GHz, 8 cores, 7G,  Windows 10 , 64 bit Build 17763 (10.0.17763.475)
Time: Sat Oct 31 07:14:20 2020 RTZ 2 (ceia) elapsed time: 10 seconds (0d 0h 0m 10s)

---------------  T H R E A D  ---------------

Current thread (0x00000244a9e36000):  VMThread "VM Thread" [stack: 0x00000061cd200000,0x00000061cd300000] [id=7584]

Stack: [0x00000061cd200000,0x00000061cd300000]
[error occurred during error reporting (printing stack bounds), id 0xc0000005, EXCEPTION_ACCESS_VIOLATION (0xc0000005) at pc=0x0000024492ec0bad]

Native frames: (J=compiled Java code, j=interpreted, Vv=VM code, C=native code)
V  [jvm.dll+0x5db21a]
V  [jvm.dll+0x70c4f5]
V  [jvm.dll+0x70da18]
V  [jvm.dll+0x70e045]
V  [jvm.dll+0x70dffb]
V  [jvm.dll+0x5da9a8]
V  [jvm.dll+0x5dae08]
C  [ntdll.dll+0xa479f]
C  [ntdll.dll+0x4bef]
C  [ntdll.dll+0xa350e]
C  0x0000024492ec0bad

VM_Operation (0x00000061ce2faab0): G1CollectForAllocation, mode: safepoint, requested by thread 0x00000244a9e5c000


---------------  P R O C E S S  ---------------

Threads class SMR info:
_java_thread_list=0x00000244aaec6640, length=16, elements={
0x00000244a9e37800, 0x00000244a9e3a800, 0x00000244a9e59800, 0x00000244a9e58800,
0x00000244a9e61800, 0x00000244a9e64800, 0x00000244a9e6f800, 0x00000244a9e5d800,
0x00000244a9e58000, 0x00000244a9e5e800, 0x00000244a9e5c800, 0x00000244a9e5a800,
0x00000244a9e5b000, 0x00000244a9e5c000, 0x00000244aafb3800, 0x00000244aafaf800
}

Java Threads: ( => current thread )
  0x00000244a9e37800 JavaThread "Reference Handler" daemon [_thread_blocked, id=296, stack(0x00000061cd300000,0x00000061cd400000)]
  0x00000244a9e3a800 JavaThread "Finalizer" daemon [_thread_blocked, id=7816, stack(0x00000061cd400000,0x00000061cd500000)]
  0x00000244a9e59800 JavaThread "Signal Dispatcher" daemon [_thread_blocked, id=6720, stack(0x00000061cd500000,0x00000061cd600000)]
  0x00000244a9e58800 JavaThread "Attach Listener" daemon [_thread_blocked, id=740, stack(0x00000061cd600000,0x00000061cd700000)]
  0x00000244a9e61800 JavaThread "C2 CompilerThread0" daemon [_thread_blocked, id=4484, stack(0x00000061cd700000,0x00000061cd800000)]
  0x00000244a9e64800 JavaThread "C1 CompilerThread0" daemon [_thread_blocked, id=5992, stack(0x00000061cd800000,0x00000061cd900000)]
  0x00000244a9e6f800 JavaThread "Sweeper thread" daemon [_thread_blocked, id=4168, stack(0x00000061cd900000,0x00000061cda00000)]
  0x00000244a9e5d800 JavaThread "Common-Cleaner" daemon [_thread_blocked, id=13052, stack(0x00000061cda00000,0x00000061cdb00000)]
  0x00000244a9e58000 JavaThread "Monitor Ctrl-Break" daemon [_thread_in_native, id=9076, stack(0x00000061cdc00000,0x00000061cdd00000)]
  0x00000244a9e5e800 JavaThread "Service Thread" daemon [_thread_blocked, id=4016, stack(0x00000061cdd00000,0x00000061cde00000)]
  0x00000244a9e5c800 JavaThread "Java2D Disposer" daemon [_thread_blocked, id=5600, stack(0x00000061cdb00000,0x00000061cdc00000)]
  0x00000244a9e5a800 JavaThread "AWT-Shutdown" [_thread_blocked, id=3256, stack(0x00000061cdf00000,0x00000061ce000000)]
  0x00000244a9e5b000 JavaThread "AWT-Windows" daemon [_thread_blocked, id=2160, stack(0x00000061ce000000,0x00000061ce100000)]
  0x00000244a9e5c000 JavaThread "AWT-EventQueue-0" [_thread_blocked, id=13644, stack(0x00000061ce200000,0x00000061ce300000)]
  0x00000244aafb3800 JavaThread "DestroyJavaVM" [_thread_blocked, id=15340, stack(0x00000061ccc00000,0x00000061ccd00000)]
  0x00000244aafaf800 JavaThread "TimerQueue" daemon [_thread_blocked, id=8952, stack(0x00000061ce600000,0x00000061ce700000)]

Other Threads:
=>0x00000244a9e36000 VMThread "VM Thread" [stack: 0x00000061cd200000,0x00000061cd300000] [id=7584]
  0x00000244aab06800 WatcherThread [stack: 0x00000061cde00000,0x00000061cdf00000] [id=4932]
  0x000002448ef7c000 GCTaskThread "GC Thread#0" [stack: 0x00000061ccd00000,0x00000061cce00000] [id=11284]
  0x00000244ac831800 GCTaskThread "GC Thread#1" [stack: 0x00000061ce100000,0x00000061ce200000] [id=12396]
  0x00000244ab40a000 GCTaskThread "GC Thread#2" [stack: 0x00000061ce700000,0x00000061ce800000] [id=14628]
  0x00000244ab40a800 GCTaskThread "GC Thread#3" [stack: 0x00000061ce800000,0x00000061ce900000] [id=12804]
  0x00000244aaab9000 GCTaskThread "GC Thread#4" [stack: 0x00000061ce900000,0x00000061cea00000] [id=13688]
  0x00000244aaaba800 GCTaskThread "GC Thread#5" [stack: 0x00000061cea00000,0x00000061ceb00000] [id=8752]
  0x000002448efaf000 ConcurrentGCThread "G1 Main Marker" [stack: 0x00000061cce00000,0x00000061ccf00000] [id=2924]
  0x000002448efb1000 ConcurrentGCThread "G1 Conc#0" [stack: 0x00000061ccf00000,0x00000061cd000000] [id=13824]
  0x00000244aaa0e000 ConcurrentGCThread "G1 Conc#1" [stack: 0x00000061ceb00000,0x00000061cec00000] [id=3556]
  0x000002448f03e000 ConcurrentGCThread "G1 Refine#0" [stack: 0x00000061cd000000,0x00000061cd100000] [id=5380]
  0x00000244a9cc6800 ConcurrentGCThread "G1 Young RemSet Sampling" [stack: 0x00000061cd100000,0x00000061cd200000] [id=13904]

Threads with active compile tasks:

VM state:at safepoint (normal execution)

VM Mutex/Monitor currently owned by a thread:  ([mutex/lock_event])
[0x000002448ef60d20] Threads_lock - owner thread: 0x00000244a9e36000
[0x000002448ef62790] Heap_lock - owner thread: 0x00000244a9e5c000

Heap address: 0x0000000082e00000, size: 2002 MB, Compressed Oops mode: 32-bit
Narrow klass base: 0x0000000800000000, Narrow klass shift: 3
Compressed class space size: 1073741824 Address: 0x0000000840000000

Heap:
 garbage-first heap   total 373760K, used 35696K [0x0000000082e00000, 0x0000000100000000)
  region size 1024K, 1 young (1024K), 1 survivors (1024K)
 Metaspace       used 10900K, capacity 11303K, committed 11520K, reserved 1058816K
  class space    used 1330K, capacity 1522K, committed 1536K, reserved 1048576K
Heap Regions: E=young(eden), S=young(survivor), O=old, HS=humongous(starts), HC=humongous(continues), CS=collection set, F=free, A=archive, TAMS=top-at-mark-start (previous, next)
|   0|0x0000000082e00000, 0x0000000082f00000, 0x0000000082f00000|100%|HS|  |TAMS 0x0000000082f00000, 0x0000000082f00000| Complete 
|   1|0x0000000082f00000, 0x0000000083000000, 0x0000000083000000|100%|HC|  |TAMS 0x0000000083000000, 0x0000000083000000| Complete 
|   2|0x0000000083000000, 0x0000000083100000, 0x0000000083100000|100%|HC|  |TAMS 0x0000000083100000, 0x0000000083100000| Complete 
|   3|0x0000000083100000, 0x0000000083200000, 0x0000000083200000|100%|HC|  |TAMS 0x0000000083200000, 0x0000000083200000| Complete 
|   4|0x0000000083200000, 0x0000000083300000, 0x0000000083300000|100%|HC|  |TAMS 0x0000000083300000, 0x0000000083300000| Complete 
|   5|0x0000000083300000, 0x0000000083400000, 0x0000000083400000|100%|HC|  |TAMS 0x0000000083400000, 0x0000000083400000| Complete 
|   6|0x0000000083400000, 0x0000000083500000, 0x0000000083500000|100%|HC|  |TAMS 0x0000000083500000, 0x0000000083500000| Complete 
|   7|0x0000000083500000, 0x0000000083600000, 0x0000000083600000|100%|HC|  |TAMS 0x0000000083600000, 0x0000000083600000| Complete 
|   8|0x0000000083600000, 0x0000000083700000, 0x0000000083700000|100%|HS|  |TAMS 0x0000000083600000, 0x0000000083700000| Complete 
|   9|0x0000000083700000, 0x0000000083800000, 0x0000000083800000|100%|HC|  |TAMS 0x0000000083700000, 0x0000000083800000| Complete 
|  10|0x0000000083800000, 0x0000000083900000, 0x0000000083900000|100%|HC|  |TAMS 0x0000000083800000, 0x0000000083900000| Complete 
|  11|0x0000000083900000, 0x0000000083a00000, 0x0000000083a00000|100%|HC|  |TAMS 0x0000000083900000, 0x0000000083a00000| Complete 
|  12|0x0000000083a00000, 0x0000000083b00000, 0x0000000083b00000|100%|HC|  |TAMS 0x0000000083a00000, 0x0000000083b00000| Complete 
|  13|0x0000000083b00000, 0x0000000083c00000, 0x0000000083c00000|100%|HC|  |TAMS 0x0000000083b00000, 0x0000000083c00000| Complete 
|  14|0x0000000083c00000, 0x0000000083d00000, 0x0000000083d00000|100%|HC|  |TAMS 0x0000000083c00000, 0x0000000083d00000| Complete 
|  15|0x0000000083d00000, 0x0000000083e00000, 0x0000000083e00000|100%|HC|  |TAMS 0x0000000083d00000, 0x0000000083e00000| Complete 
|  16|0x0000000083e00000, 0x0000000083f00000, 0x0000000083f00000|100%|HS|  |TAMS 0x0000000083e00000, 0x0000000083f00000| Complete 
|  17|0x0000000083f00000, 0x0000000084000000, 0x0000000084000000|100%|HC|  |TAMS 0x0000000083f00000, 0x0000000084000000| Complete 
|  18|0x0000000084000000, 0x0000000084100000, 0x0000000084100000|100%|HC|  |TAMS 0x0000000084000000, 0x0000000084100000| Complete 
|  19|0x0000000084100000, 0x0000000084200000, 0x0000000084200000|100%|HC|  |TAMS 0x0000000084100000, 0x0000000084200000| Complete 
|  20|0x0000000084200000, 0x0000000084300000, 0x0000000084300000|100%|HC|  |TAMS 0x0000000084200000, 0x0000000084300000| Complete 
|  21|0x0000000084300000, 0x0000000084400000, 0x0000000084400000|100%|HC|  |TAMS 0x0000000084300000, 0x0000000084400000| Complete 
|  22|0x0000000084400000, 0x0000000084500000, 0x0000000084500000|100%|HC|  |TAMS 0x0000000084400000, 0x0000000084500000| Complete 
|  23|0x0000000084500000, 0x0000000084600000, 0x0000000084600000|100%|HC|  |TAMS 0x0000000084500000, 0x0000000084600000| Complete 
|  24|0x0000000084600000, 0x0000000084700000, 0x0000000084700000|100%|HS|  |TAMS 0x0000000084600000, 0x0000000084700000| Complete 
|  25|0x0000000084700000, 0x0000000084800000, 0x0000000084800000|100%|HC|  |TAMS 0x0000000084700000, 0x0000000084800000| Complete 
|  26|0x0000000084800000, 0x0000000084900000, 0x0000000084900000|100%|HC|  |TAMS 0x0000000084800000, 0x0000000084900000| Complete 
|  27|0x0000000084900000, 0x0000000084a00000, 0x0000000084a00000|100%|HC|  |TAMS 0x0000000084900000, 0x0000000084a00000| Complete 
|  28|0x0000000084a00000, 0x0000000084b00000, 0x0000000084b00000|100%|HC|  |TAMS 0x0000000084a00000, 0x0000000084b00000| Complete 
|  29|0x0000000084b00000, 0x0000000084c00000, 0x0000000084c00000|100%|HC|  |TAMS 0x0000000084b00000, 0x0000000084c00000| Complete 
|  30|0x0000000084c00000, 0x0000000084d00000, 0x0000000084d00000|100%|HC|  |TAMS 0x0000000084c00000, 0x0000000084d00000| Complete 
|  31|0x0000000084d00000, 0x0000000084e00000, 0x0000000084e00000|100%|HC|  |TAMS 0x0000000084d00000, 0x0000000084e00000| Complete 
|  32|0x0000000084e00000, 0x0000000084e00000, 0x0000000084f00000|  0%| F|  |TAMS 0x0000000084e00000, 0x0000000084e00000| Untracked 
|  33|0x0000000084f00000, 0x0000000084f00000, 0x0000000085000000|  0%| F|  |TAMS 0x0000000084f00000, 0x0000000084f00000| Untracked 
|  34|0x0000000085000000, 0x0000000085000000, 0x0000000085100000|  0%| F|  |TAMS 0x0000000085000000, 0x0000000085000000| Untracked 
|  35|0x0000000085100000, 0x0000000085100000, 0x0000000085200000|  0%| F|  |TAMS 0x0000000085100000, 0x0000000085100000| Untracked 
|  36|0x0000000085200000, 0x0000000085200000, 0x0000000085300000|  0%| F|  |TAMS 0x0000000085200000, 0x0000000085200000| Untracked 
|  37|0x0000000085300000, 0x0000000085300000, 0x0000000085400000|  0%| F|  |TAMS 0x0000000085300000, 0x0000000085300000| Untracked 
|  38|0x0000000085400000, 0x0000000085400000, 0x0000000085500000|  0%| F|  |TAMS 0x0000000085400000, 0x0000000085400000| Untracked 
|  39|0x0000000085500000, 0x0000000085500000, 0x0000000085600000|  0%| F|  |TAMS 0x0000000085500000, 0x0000000085500000| Untracked 
|  40|0x0000000085600000, 0x0000000085600000, 0x0000000085700000|  0%| F|  |TAMS 0x0000000085600000, 0x0000000085600000| Untracked 
|  41|0x0000000085700000, 0x0000000085700000, 0x0000000085800000|  0%| F|  |TAMS 0x0000000085700000, 0x0000000085700000| Untracked 
|  42|0x0000000085800000, 0x0000000085800000, 0x0000000085900000|  0%| F|  |TAMS 0x0000000085800000, 0x0000000085800000| Untracked 
|  43|0x0000000085900000, 0x0000000085900000, 0x0000000085a00000|  0%| F|  |TAMS 0x0000000085900000, 0x0000000085900000| Untracked 
|  44|0x0000000085a00000, 0x0000000085a00000, 0x0000000085b00000|  0%| F|  |TAMS 0x0000000085a00000, 0x0000000085a00000| Untracked 
|  45|0x0000000085b00000, 0x0000000085b00000, 0x0000000085c00000|  0%| F|  |TAMS 0x0000000085b00000, 0x0000000085b00000| Untracked 
|  46|0x0000000085c00000, 0x0000000085c00000, 0x0000000085d00000|  0%| F|  |TAMS 0x0000000085c00000, 0x0000000085c00000| Untracked 
|  47|0x0000000085d00000, 0x0000000085d00000, 0x0000000085e00000|  0%| F|  |TAMS 0x0000000085d00000, 0x0000000085d00000| Untracked 
|  48|0x0000000085e00000, 0x0000000085e00000, 0x0000000085f00000|  0%| F|  |TAMS 0x0000000085e00000, 0x0000000085e00000| Untracked 
|  49|0x0000000085f00000, 0x0000000085f00000, 0x0000000086000000|  0%| F|  |TAMS 0x0000000085f00000, 0x0000000085f00000| Untracked 
|  50|0x0000000086000000, 0x0000000086000000, 0x0000000086100000|  0%| F|  |TAMS 0x0000000086000000, 0x0000000086000000| Untracked 
|  51|0x0000000086100000, 0x0000000086100000, 0x0000000086200000|  0%| F|  |TAMS 0x0000000086100000, 0x0000000086100000| Untracked 
|  52|0x0000000086200000, 0x0000000086200000, 0x0000000086300000|  0%| F|  |TAMS 0x0000000086200000, 0x0000000086200000| Untracked 
|  53|0x0000000086300000, 0x0000000086300000, 0x0000000086400000|  0%| F|  |TAMS 0x0000000086300000, 0x0000000086300000| Untracked 
|  54|0x0000000086400000, 0x0000000086400000, 0x0000000086500000|  0%| F|  |TAMS 0x0000000086400000, 0x0000000086400000| Untracked 
|  55|0x0000000086500000, 0x0000000086500000, 0x0000000086600000|  0%| F|  |TAMS 0x0000000086500000, 0x0000000086500000| Untracked 
|  56|0x0000000086600000, 0x0000000086700000, 0x0000000086700000|100%| O|  |TAMS 0x0000000086700000, 0x0000000086700000| Untracked 
|  57|0x0000000086700000, 0x0000000086800000, 0x0000000086800000|100%| O|  |TAMS 0x0000000086800000, 0x0000000086800000| Untracked 
|  58|0x0000000086800000, 0x00000000868d8800, 0x0000000086900000| 84%| O|  |TAMS 0x00000000868d8800, 0x00000000868d8800| Untracked 
|  59|0x0000000086900000, 0x0000000086900000, 0x0000000086a00000|  0%| F|  |TAMS 0x0000000086900000, 0x0000000086900000| Untracked 
|  60|0x0000000086a00000, 0x0000000086a00000, 0x0000000086b00000|  0%| F|  |TAMS 0x0000000086a00000, 0x0000000086a00000| Untracked 
|  61|0x0000000086b00000, 0x0000000086b00000, 0x0000000086c00000|  0%| F|  |TAMS 0x0000000086b00000, 0x0000000086b00000| Untracked 
|  62|0x0000000086c00000, 0x0000000086c00000, 0x0000000086d00000|  0%| F|  |TAMS 0x0000000086c00000, 0x0000000086c00000| Untracked 
|  63|0x0000000086d00000, 0x0000000086d00000, 0x0000000086e00000|  0%| F|  |TAMS 0x0000000086d00000, 0x0000000086d00000| Untracked 
|  64|0x0000000086e00000, 0x0000000086e00000, 0x0000000086f00000|  0%| F|  |TAMS 0x0000000086e00000, 0x0000000086e00000| Untracked 
|  65|0x0000000086f00000, 0x0000000086f00000, 0x0000000087000000|  0%| F|  |TAMS 0x0000000086f00000, 0x0000000086f00000| Untracked 
|  66|0x0000000087000000, 0x0000000087000000, 0x0000000087100000|  0%| F|  |TAMS 0x0000000087000000, 0x0000000087000000| Untracked 
|  67|0x0000000087100000, 0x0000000087100000, 0x0000000087200000|  0%| F|  |TAMS 0x0000000087100000, 0x0000000087100000| Untracked 
|  68|0x0000000087200000, 0x0000000087200000, 0x0000000087300000|  0%| F|  |TAMS 0x0000000087200000, 0x0000000087200000| Untracked 
|  69|0x0000000087300000, 0x0000000087300000, 0x0000000087400000|  0%| F|  |TAMS 0x0000000087300000, 0x0000000087300000| Untracked 
|  70|0x0000000087400000, 0x0000000087400000, 0x0000000087500000|  0%| F|  |TAMS 0x0000000087400000, 0x0000000087400000| Untracked 
|  71|0x0000000087500000, 0x0000000087500000, 0x0000000087600000|  0%| F|  |TAMS 0x0000000087500000, 0x0000000087500000| Untracked 
|  72|0x0000000087600000, 0x0000000087600000, 0x0000000087700000|  0%| F|  |TAMS 0x0000000087600000, 0x0000000087600000| Untracked 
|  73|0x0000000087700000, 0x0000000087700000, 0x0000000087800000|  0%| F|  |TAMS 0x0000000087700000, 0x0000000087700000| Untracked 
|  74|0x0000000087800000, 0x0000000087800000, 0x0000000087900000|  0%| F|  |TAMS 0x0000000087800000, 0x0000000087800000| Untracked 
|  75|0x0000000087900000, 0x0000000087900000, 0x0000000087a00000|  0%| F|  |TAMS 0x0000000087900000, 0x0000000087900000| Untracked 
|  76|0x0000000087a00000, 0x0000000087a00000, 0x0000000087b00000|  0%| F|  |TAMS 0x0000000087a00000, 0x0000000087a00000| Untracked 
|  77|0x0000000087b00000, 0x0000000087b00000, 0x0000000087c00000|  0%| F|  |TAMS 0x0000000087b00000, 0x0000000087b00000| Untracked 
|  78|0x0000000087c00000, 0x0000000087c00000, 0x0000000087d00000|  0%| F|  |TAMS 0x0000000087c00000, 0x0000000087c00000| Untracked 
|  79|0x0000000087d00000, 0x0000000087d00000, 0x0000000087e00000|  0%| F|  |TAMS 0x0000000087d00000, 0x0000000087d00000| Untracked 
|  80|0x0000000087e00000, 0x0000000087e00000, 0x0000000087f00000|  0%| F|  |TAMS 0x0000000087e00000, 0x0000000087e00000| Untracked 
|  81|0x0000000087f00000, 0x0000000087f00000, 0x0000000088000000|  0%| F|  |TAMS 0x0000000087f00000, 0x0000000087f00000| Untracked 
|  82|0x0000000088000000, 0x0000000088000000, 0x0000000088100000|  0%| F|  |TAMS 0x0000000088000000, 0x0000000088000000| Untracked 
|  83|0x0000000088100000, 0x0000000088100000, 0x0000000088200000|  0%| F|  |TAMS 0x0000000088100000, 0x0000000088100000| Untracked 
|  84|0x0000000088200000, 0x0000000088200000, 0x0000000088300000|  0%| F|  |TAMS 0x0000000088200000, 0x0000000088200000| Untracked 
|  85|0x0000000088300000, 0x0000000088300000, 0x0000000088400000|  0%| F|  |TAMS 0x0000000088300000, 0x0000000088300000| Untracked 
|  86|0x0000000088400000, 0x0000000088400000, 0x0000000088500000|  0%| F|  |TAMS 0x0000000088400000, 0x0000000088400000| Untracked 
|  87|0x0000000088500000, 0x0000000088500000, 0x0000000088600000|  0%| F|  |TAMS 0x0000000088500000, 0x0000000088500000| Untracked 
|  88|0x0000000088600000, 0x0000000088600000, 0x0000000088700000|  0%| F|  |TAMS 0x0000000088600000, 0x0000000088600000| Untracked 
|  89|0x0000000088700000, 0x0000000088700000, 0x0000000088800000|  0%| F|  |TAMS 0x0000000088700000, 0x0000000088700000| Untracked 
|  90|0x0000000088800000, 0x0000000088800000, 0x0000000088900000|  0%| F|  |TAMS 0x0000000088800000, 0x0000000088800000| Untracked 
|  91|0x0000000088900000, 0x0000000088900000, 0x0000000088a00000|  0%| F|  |TAMS 0x0000000088900000, 0x0000000088900000| Untracked 
|  92|0x0000000088a00000, 0x0000000088a00000, 0x0000000088b00000|  0%| F|  |TAMS 0x0000000088a00000, 0x0000000088a00000| Untracked 
|  93|0x0000000088b00000, 0x0000000088b00000, 0x0000000088c00000|  0%| F|  |TAMS 0x0000000088b00000, 0x0000000088b00000| Untracked 
|  94|0x0000000088c00000, 0x0000000088c00000, 0x0000000088d00000|  0%| F|  |TAMS 0x0000000088c00000, 0x0000000088c00000| Untracked 
|  95|0x0000000088d00000, 0x0000000088d00000, 0x0000000088e00000|  0%| F|  |TAMS 0x0000000088d00000, 0x0000000088d00000| Untracked 
|  96|0x0000000088e00000, 0x0000000088e00000, 0x0000000088f00000|  0%| F|  |TAMS 0x0000000088e00000, 0x0000000088e00000| Untracked 
|  97|0x0000000088f00000, 0x0000000088f00000, 0x0000000089000000|  0%| F|  |TAMS 0x0000000088f00000, 0x0000000088f00000| Untracked 
|  98|0x0000000089000000, 0x0000000089000000, 0x0000000089100000|  0%| F|  |TAMS 0x0000000089000000, 0x0000000089000000| Untracked 
|  99|0x0000000089100000, 0x0000000089100000, 0x0000000089200000|  0%| F|  |TAMS 0x0000000089100000, 0x0000000089100000| Untracked 
| 100|0x0000000089200000, 0x0000000089200000, 0x0000000089300000|  0%| F|  |TAMS 0x0000000089200000, 0x0000000089200000| Untracked 
| 101|0x0000000089300000, 0x0000000089300000, 0x0000000089400000|  0%| F|  |TAMS 0x0000000089300000, 0x0000000089300000| Untracked 
| 102|0x0000000089400000, 0x0000000089400000, 0x0000000089500000|  0%| F|  |TAMS 0x0000000089400000, 0x0000000089400000| Untracked 
| 103|0x0000000089500000, 0x0000000089500000, 0x0000000089600000|  0%| F|  |TAMS 0x0000000089500000, 0x0000000089500000| Untracked 
| 104|0x0000000089600000, 0x0000000089600000, 0x0000000089700000|  0%| F|  |TAMS 0x0000000089600000, 0x0000000089600000| Untracked 
| 105|0x0000000089700000, 0x0000000089700000, 0x0000000089800000|  0%| F|  |TAMS 0x0000000089700000, 0x0000000089700000| Untracked 
| 106|0x0000000089800000, 0x0000000089800000, 0x0000000089900000|  0%| F|  |TAMS 0x0000000089800000, 0x0000000089800000| Untracked 
| 107|0x0000000089900000, 0x0000000089900000, 0x0000000089a00000|  0%| F|  |TAMS 0x0000000089900000, 0x0000000089900000| Untracked 
| 108|0x0000000089a00000, 0x0000000089a00000, 0x0000000089b00000|  0%| F|  |TAMS 0x0000000089a00000, 0x0000000089a00000| Untracked 
| 109|0x0000000089b00000, 0x0000000089b00000, 0x0000000089c00000|  0%| F|  |TAMS 0x0000000089b00000, 0x0000000089b00000| Untracked 
| 110|0x0000000089c00000, 0x0000000089c00000, 0x0000000089d00000|  0%| F|  |TAMS 0x0000000089c00000, 0x0000000089c00000| Untracked 
| 111|0x0000000089d00000, 0x0000000089d00000, 0x0000000089e00000|  0%| F|  |TAMS 0x0000000089d00000, 0x0000000089d00000| Untracked 
| 112|0x0000000089e00000, 0x0000000089e00000, 0x0000000089f00000|  0%| F|  |TAMS 0x0000000089e00000, 0x0000000089e00000| Untracked 
| 113|0x0000000089f00000, 0x0000000089f00000, 0x000000008a000000|  0%| F|  |TAMS 0x0000000089f00000, 0x0000000089f00000| Untracked 
| 114|0x000000008a000000, 0x000000008a000000, 0x000000008a100000|  0%| F|  |TAMS 0x000000008a000000, 0x000000008a000000| Untracked 
| 115|0x000000008a100000, 0x000000008a100000, 0x000000008a200000|  0%| F|  |TAMS 0x000000008a100000, 0x000000008a100000| Untracked 
| 116|0x000000008a200000, 0x000000008a200000, 0x000000008a300000|  0%| F|  |TAMS 0x000000008a200000, 0x000000008a200000| Untracked 
| 117|0x000000008a300000, 0x000000008a300000, 0x000000008a400000|  0%| F|  |TAMS 0x000000008a300000, 0x000000008a300000| Untracked 
| 118|0x000000008a400000, 0x000000008a400000, 0x000000008a500000|  0%| F|  |TAMS 0x000000008a400000, 0x000000008a400000| Untracked 
| 119|0x000000008a500000, 0x000000008a500000, 0x000000008a600000|  0%| F|  |TAMS 0x000000008a500000, 0x000000008a500000| Untracked 
| 120|0x000000008a600000, 0x000000008a600000, 0x000000008a700000|  0%| F|  |TAMS 0x000000008a600000, 0x000000008a600000| Untracked 
| 121|0x000000008a700000, 0x000000008a700000, 0x000000008a800000|  0%| F|  |TAMS 0x000000008a700000, 0x000000008a700000| Untracked 
| 122|0x000000008a800000, 0x000000008a800000, 0x000000008a900000|  0%| F|  |TAMS 0x000000008a800000, 0x000000008a800000| Untracked 
| 123|0x000000008a900000, 0x000000008a900000, 0x000000008aa00000|  0%| F|  |TAMS 0x000000008a900000, 0x000000008a900000| Untracked 
| 124|0x000000008aa00000, 0x000000008aa00000, 0x000000008ab00000|  0%| F|  |TAMS 0x000000008aa00000, 0x000000008aa00000| Untracked 
| 125|0x000000008ab00000, 0x000000008ab00000, 0x000000008ac00000|  0%| F|  |TAMS 0x000000008ab00000, 0x000000008ab00000| Untracked 
| 126|0x000000008ac00000, 0x000000008ac00000, 0x000000008ad00000|  0%| F|  |TAMS 0x000000008ac00000, 0x000000008ac00000| Untracked 
| 127|0x000000008ad00000, 0x000000008ad00000, 0x000000008ae00000|  0%| F|  |TAMS 0x000000008ad00000, 0x000000008ad00000| Untracked 
| 128|0x000000008ae00000, 0x000000008ae00000, 0x000000008af00000|  0%| F|  |TAMS 0x000000008ae00000, 0x000000008ae00000| Untracked 
| 129|0x000000008af00000, 0x000000008af00000, 0x000000008b000000|  0%| F|  |TAMS 0x000000008af00000, 0x000000008af00000| Untracked 
| 130|0x000000008b000000, 0x000000008b000000, 0x000000008b100000|  0%| F|  |TAMS 0x000000008b000000, 0x000000008b000000| Untracked 
| 131|0x000000008b100000, 0x000000008b100000, 0x000000008b200000|  0%| F|  |TAMS 0x000000008b100000, 0x000000008b100000| Untracked 
| 132|0x000000008b200000, 0x000000008b200000, 0x000000008b300000|  0%| F|  |TAMS 0x000000008b200000, 0x000000008b200000| Untracked 
| 133|0x000000008b300000, 0x000000008b300000, 0x000000008b400000|  0%| F|  |TAMS 0x000000008b300000, 0x000000008b300000| Untracked 
| 134|0x000000008b400000, 0x000000008b400000, 0x000000008b500000|  0%| F|  |TAMS 0x000000008b400000, 0x000000008b400000| Untracked 
| 135|0x000000008b500000, 0x000000008b500000, 0x000000008b600000|  0%| F|  |TAMS 0x000000008b500000, 0x000000008b500000| Untracked 
| 136|0x000000008b600000, 0x000000008b600000, 0x000000008b700000|  0%| F|  |TAMS 0x000000008b600000, 0x000000008b600000| Untracked 
| 137|0x000000008b700000, 0x000000008b700000, 0x000000008b800000|  0%| F|  |TAMS 0x000000008b700000, 0x000000008b700000| Untracked 
| 138|0x000000008b800000, 0x000000008b800000, 0x000000008b900000|  0%| F|  |TAMS 0x000000008b800000, 0x000000008b800000| Untracked 
| 139|0x000000008b900000, 0x000000008b900000, 0x000000008ba00000|  0%| F|  |TAMS 0x000000008b900000, 0x000000008b900000| Untracked 
| 140|0x000000008ba00000, 0x000000008ba00000, 0x000000008bb00000|  0%| F|  |TAMS 0x000000008ba00000, 0x000000008ba00000| Untracked 
| 141|0x000000008bb00000, 0x000000008bb00000, 0x000000008bc00000|  0%| F|  |TAMS 0x000000008bb00000, 0x000000008bb00000| Untracked 
| 142|0x000000008bc00000, 0x000000008bc00000, 0x000000008bd00000|  0%| F|  |TAMS 0x000000008bc00000, 0x000000008bc00000| Untracked 
| 143|0x000000008bd00000, 0x000000008bd00000, 0x000000008be00000|  0%| F|  |TAMS 0x000000008bd00000, 0x000000008bd00000| Untracked 
| 144|0x000000008be00000, 0x000000008be00000, 0x000000008bf00000|  0%| F|  |TAMS 0x000000008be00000, 0x000000008be00000| Untracked 
| 145|0x000000008bf00000, 0x000000008bf00000, 0x000000008c000000|  0%| F|  |TAMS 0x000000008bf00000, 0x000000008bf00000| Untracked 
| 146|0x000000008c000000, 0x000000008c000000, 0x000000008c100000|  0%| F|  |TAMS 0x000000008c000000, 0x000000008c000000| Untracked 
| 147|0x000000008c100000, 0x000000008c100000, 0x000000008c200000|  0%| F|  |TAMS 0x000000008c100000, 0x000000008c100000| Untracked 
| 148|0x000000008c200000, 0x000000008c200000, 0x000000008c300000|  0%| F|  |TAMS 0x000000008c200000, 0x000000008c200000| Untracked 
| 149|0x000000008c300000, 0x000000008c300000, 0x000000008c400000|  0%| F|  |TAMS 0x000000008c300000, 0x000000008c300000| Untracked 
| 150|0x000000008c400000, 0x000000008c400000, 0x000000008c500000|  0%| F|  |TAMS 0x000000008c400000, 0x000000008c400000| Untracked 
| 151|0x000000008c500000, 0x000000008c500000, 0x000000008c600000|  0%| F|  |TAMS 0x000000008c500000, 0x000000008c500000| Untracked 
| 152|0x000000008c600000, 0x000000008c600000, 0x000000008c700000|  0%| F|  |TAMS 0x000000008c600000, 0x000000008c600000| Untracked 
| 153|0x000000008c700000, 0x000000008c700000, 0x000000008c800000|  0%| F|  |TAMS 0x000000008c700000, 0x000000008c700000| Untracked 
| 154|0x000000008c800000, 0x000000008c800000, 0x000000008c900000|  0%| F|  |TAMS 0x000000008c800000, 0x000000008c800000| Untracked 
| 155|0x000000008c900000, 0x000000008c900000, 0x000000008ca00000|  0%| F|  |TAMS 0x000000008c900000, 0x000000008c900000| Untracked 
| 156|0x000000008ca00000, 0x000000008ca00000, 0x000000008cb00000|  0%| F|  |TAMS 0x000000008ca00000, 0x000000008ca00000| Untracked 
| 157|0x000000008cb00000, 0x000000008cb00000, 0x000000008cc00000|  0%| F|  |TAMS 0x000000008cb00000, 0x000000008cb00000| Untracked 
| 158|0x000000008cc00000, 0x000000008cc00000, 0x000000008cd00000|  0%| F|  |TAMS 0x000000008cc00000, 0x000000008cc00000| Untracked 
| 159|0x000000008cd00000, 0x000000008cd00000, 0x000000008ce00000|  0%| F|  |TAMS 0x000000008cd00000, 0x000000008cd00000| Untracked 
| 160|0x000000008ce00000, 0x000000008ce00000, 0x000000008cf00000|  0%| F|  |TAMS 0x000000008ce00000, 0x000000008ce00000| Untracked 
| 161|0x000000008cf00000, 0x000000008cf00000, 0x000000008d000000|  0%| F|  |TAMS 0x000000008cf00000, 0x000000008cf00000| Untracked 
| 162|0x000000008d000000, 0x000000008d000000, 0x000000008d100000|  0%| F|  |TAMS 0x000000008d000000, 0x000000008d000000| Untracked 
| 163|0x000000008d100000, 0x000000008d100000, 0x000000008d200000|  0%| F|  |TAMS 0x000000008d100000, 0x000000008d100000| Untracked 
| 164|0x000000008d200000, 0x000000008d200000, 0x000000008d300000|  0%| F|  |TAMS 0x000000008d200000, 0x000000008d200000| Untracked 
| 165|0x000000008d300000, 0x000000008d300000, 0x000000008d400000|  0%| F|  |TAMS 0x000000008d300000, 0x000000008d300000| Untracked 
| 166|0x000000008d400000, 0x000000008d400000, 0x000000008d500000|  0%| F|  |TAMS 0x000000008d400000, 0x000000008d400000| Untracked 
| 167|0x000000008d500000, 0x000000008d500000, 0x000000008d600000|  0%| F|  |TAMS 0x000000008d500000, 0x000000008d500000| Untracked 
| 168|0x000000008d600000, 0x000000008d600000, 0x000000008d700000|  0%| F|  |TAMS 0x000000008d600000, 0x000000008d600000| Untracked 
| 169|0x000000008d700000, 0x000000008d700000, 0x000000008d800000|  0%| F|  |TAMS 0x000000008d700000, 0x000000008d700000| Untracked 
| 170|0x000000008d800000, 0x000000008d800000, 0x000000008d900000|  0%| F|  |TAMS 0x000000008d800000, 0x000000008d800000| Untracked 
| 171|0x000000008d900000, 0x000000008d900000, 0x000000008da00000|  0%| F|  |TAMS 0x000000008d900000, 0x000000008d900000| Untracked 
| 172|0x000000008da00000, 0x000000008da00000, 0x000000008db00000|  0%| F|  |TAMS 0x000000008da00000, 0x000000008da00000| Untracked 
| 173|0x000000008db00000, 0x000000008db00000, 0x000000008dc00000|  0%| F|  |TAMS 0x000000008db00000, 0x000000008db00000| Untracked 
| 174|0x000000008dc00000, 0x000000008dc00000, 0x000000008dd00000|  0%| F|  |TAMS 0x000000008dc00000, 0x000000008dc00000| Untracked 
| 175|0x000000008dd00000, 0x000000008dd00000, 0x000000008de00000|  0%| F|  |TAMS 0x000000008dd00000, 0x000000008dd00000| Untracked 
| 176|0x000000008de00000, 0x000000008de00000, 0x000000008df00000|  0%| F|  |TAMS 0x000000008de00000, 0x000000008de00000| Untracked 
| 177|0x000000008df00000, 0x000000008df00000, 0x000000008e000000|  0%| F|  |TAMS 0x000000008df00000, 0x000000008df00000| Untracked 
| 178|0x000000008e000000, 0x000000008e000000, 0x000000008e100000|  0%| F|  |TAMS 0x000000008e000000, 0x000000008e000000| Untracked 
| 179|0x000000008e100000, 0x000000008e100000, 0x000000008e200000|  0%| F|  |TAMS 0x000000008e100000, 0x000000008e100000| Untracked 
| 180|0x000000008e200000, 0x000000008e200000, 0x000000008e300000|  0%| F|  |TAMS 0x000000008e200000, 0x000000008e200000| Untracked 
| 181|0x000000008e300000, 0x000000008e300000, 0x000000008e400000|  0%| F|  |TAMS 0x000000008e300000, 0x000000008e300000| Untracked 
| 182|0x000000008e400000, 0x000000008e400000, 0x000000008e500000|  0%| F|  |TAMS 0x000000008e400000, 0x000000008e400000| Untracked 
| 183|0x000000008e500000, 0x000000008e500000, 0x000000008e600000|  0%| F|  |TAMS 0x000000008e500000, 0x000000008e500000| Untracked 
| 184|0x000000008e600000, 0x000000008e600000, 0x000000008e700000|  0%| F|  |TAMS 0x000000008e600000, 0x000000008e600000| Untracked 
| 185|0x000000008e700000, 0x000000008e700000, 0x000000008e800000|  0%| F|  |TAMS 0x000000008e700000, 0x000000008e700000| Untracked 
| 186|0x000000008e800000, 0x000000008e800000, 0x000000008e900000|  0%| F|  |TAMS 0x000000008e800000, 0x000000008e800000| Untracked 
| 187|0x000000008e900000, 0x000000008e900000, 0x000000008ea00000|  0%| F|  |TAMS 0x000000008e900000, 0x000000008e900000| Untracked 
| 188|0x000000008ea00000, 0x000000008ea00000, 0x000000008eb00000|  0%| F|  |TAMS 0x000000008ea00000, 0x000000008ea00000| Untracked 
| 189|0x000000008eb00000, 0x000000008eb00000, 0x000000008ec00000|  0%| F|  |TAMS 0x000000008eb00000, 0x000000008eb00000| Untracked 
| 190|0x000000008ec00000, 0x000000008ec00000, 0x000000008ed00000|  0%| F|  |TAMS 0x000000008ec00000, 0x000000008ec00000| Untracked 
| 191|0x000000008ed00000, 0x000000008ed00000, 0x000000008ee00000|  0%| F|  |TAMS 0x000000008ed00000, 0x000000008ed00000| Untracked 
| 192|0x000000008ee00000, 0x000000008ee00000, 0x000000008ef00000|  0%| F|  |TAMS 0x000000008ee00000, 0x000000008ee00000| Untracked 
| 193|0x000000008ef00000, 0x000000008ef00000, 0x000000008f000000|  0%| F|  |TAMS 0x000000008ef00000, 0x000000008ef00000| Untracked 
| 194|0x000000008f000000, 0x000000008f000000, 0x000000008f100000|  0%| F|  |TAMS 0x000000008f000000, 0x000000008f000000| Untracked 
| 195|0x000000008f100000, 0x000000008f100000, 0x000000008f200000|  0%| F|  |TAMS 0x000000008f100000, 0x000000008f100000| Untracked 
| 196|0x000000008f200000, 0x000000008f200000, 0x000000008f300000|  0%| F|  |TAMS 0x000000008f200000, 0x000000008f200000| Untracked 
| 197|0x000000008f300000, 0x000000008f300000, 0x000000008f400000|  0%| F|  |TAMS 0x000000008f300000, 0x000000008f300000| Untracked 
| 198|0x000000008f400000, 0x000000008f400000, 0x000000008f500000|  0%| F|  |TAMS 0x000000008f400000, 0x000000008f400000| Untracked 
| 199|0x000000008f500000, 0x000000008f500000, 0x000000008f600000|  0%| F|  |TAMS 0x000000008f500000, 0x000000008f500000| Untracked 
| 200|0x000000008f600000, 0x000000008f600000, 0x000000008f700000|  0%| F|  |TAMS 0x000000008f600000, 0x000000008f600000| Untracked 
| 201|0x000000008f700000, 0x000000008f700000, 0x000000008f800000|  0%| F|  |TAMS 0x000000008f700000, 0x000000008f700000| Untracked 
| 202|0x000000008f800000, 0x000000008f800000, 0x000000008f900000|  0%| F|  |TAMS 0x000000008f800000, 0x000000008f800000| Untracked 
| 203|0x000000008f900000, 0x000000008f900000, 0x000000008fa00000|  0%| F|  |TAMS 0x000000008f900000, 0x000000008f900000| Untracked 
| 204|0x000000008fa00000, 0x000000008fa00000, 0x000000008fb00000|  0%| F|  |TAMS 0x000000008fa00000, 0x000000008fa00000| Untracked 
| 205|0x000000008fb00000, 0x000000008fb00000, 0x000000008fc00000|  0%| F|  |TAMS 0x000000008fb00000, 0x000000008fb00000| Untracked 
| 206|0x000000008fc00000, 0x000000008fc00000, 0x000000008fd00000|  0%| F|  |TAMS 0x000000008fc00000, 0x000000008fc00000| Untracked 
| 207|0x000000008fd00000, 0x000000008fd00000, 0x000000008fe00000|  0%| F|  |TAMS 0x000000008fd00000, 0x000000008fd00000| Untracked 
| 208|0x000000008fe00000, 0x000000008fe00000, 0x000000008ff00000|  0%| F|  |TAMS 0x000000008fe00000, 0x000000008fe00000| Untracked 
| 209|0x000000008ff00000, 0x000000008ff00000, 0x0000000090000000|  0%| F|  |TAMS 0x000000008ff00000, 0x000000008ff00000| Untracked 
| 210|0x0000000090000000, 0x0000000090000000, 0x0000000090100000|  0%| F|  |TAMS 0x0000000090000000, 0x0000000090000000| Untracked 
| 211|0x0000000090100000, 0x0000000090100000, 0x0000000090200000|  0%| F|  |TAMS 0x0000000090100000, 0x0000000090100000| Untracked 
| 212|0x0000000090200000, 0x0000000090200000, 0x0000000090300000|  0%| F|  |TAMS 0x0000000090200000, 0x0000000090200000| Untracked 
| 213|0x0000000090300000, 0x0000000090300000, 0x0000000090400000|  0%| F|  |TAMS 0x0000000090300000, 0x0000000090300000| Untracked 
| 214|0x0000000090400000, 0x0000000090400000, 0x0000000090500000|  0%| F|  |TAMS 0x0000000090400000, 0x0000000090400000| Untracked 
| 215|0x0000000090500000, 0x0000000090500000, 0x0000000090600000|  0%| F|  |TAMS 0x0000000090500000, 0x0000000090500000| Untracked 
| 216|0x0000000090600000, 0x0000000090600000, 0x0000000090700000|  0%| F|  |TAMS 0x0000000090600000, 0x0000000090600000| Untracked 
| 217|0x0000000090700000, 0x0000000090700000, 0x0000000090800000|  0%| F|  |TAMS 0x0000000090700000, 0x0000000090700000| Untracked 
| 218|0x0000000090800000, 0x0000000090800000, 0x0000000090900000|  0%| F|  |TAMS 0x0000000090800000, 0x0000000090800000| Untracked 
| 219|0x0000000090900000, 0x0000000090900000, 0x0000000090a00000|  0%| F|  |TAMS 0x0000000090900000, 0x0000000090900000| Untracked 
| 220|0x0000000090a00000, 0x0000000090a00000, 0x0000000090b00000|  0%| F|  |TAMS 0x0000000090a00000, 0x0000000090a00000| Untracked 
| 221|0x0000000090b00000, 0x0000000090b00000, 0x0000000090c00000|  0%| F|  |TAMS 0x0000000090b00000, 0x0000000090b00000| Untracked 
| 222|0x0000000090c00000, 0x0000000090c00000, 0x0000000090d00000|  0%| F|  |TAMS 0x0000000090c00000, 0x0000000090c00000| Untracked 
| 223|0x0000000090d00000, 0x0000000090d00000, 0x0000000090e00000|  0%| F|  |TAMS 0x0000000090d00000, 0x0000000090d00000| Untracked 
| 224|0x0000000090e00000, 0x0000000090e00000, 0x0000000090f00000|  0%| F|  |TAMS 0x0000000090e00000, 0x0000000090e00000| Untracked 
| 225|0x0000000090f00000, 0x0000000090f00000, 0x0000000091000000|  0%| F|  |TAMS 0x0000000090f00000, 0x0000000090f00000| Untracked 
| 226|0x0000000091000000, 0x0000000091000000, 0x0000000091100000|  0%| F|  |TAMS 0x0000000091000000, 0x0000000091000000| Untracked 
| 227|0x0000000091100000, 0x0000000091100000, 0x0000000091200000|  0%| F|  |TAMS 0x0000000091100000, 0x0000000091100000| Untracked 
| 228|0x0000000091200000, 0x0000000091200000, 0x0000000091300000|  0%| F|  |TAMS 0x0000000091200000, 0x0000000091200000| Untracked 
| 229|0x0000000091300000, 0x0000000091300000, 0x0000000091400000|  0%| F|  |TAMS 0x0000000091300000, 0x0000000091300000| Untracked 
| 230|0x0000000091400000, 0x0000000091400000, 0x0000000091500000|  0%| F|  |TAMS 0x0000000091400000, 0x0000000091400000| Untracked 
| 231|0x0000000091500000, 0x0000000091500000, 0x0000000091600000|  0%| F|  |TAMS 0x0000000091500000, 0x0000000091500000| Untracked 
| 232|0x0000000091600000, 0x0000000091600000, 0x0000000091700000|  0%| F|  |TAMS 0x0000000091600000, 0x0000000091600000| Untracked 
| 233|0x0000000091700000, 0x0000000091700000, 0x0000000091800000|  0%| F|  |TAMS 0x0000000091700000, 0x0000000091700000| Untracked 
| 234|0x0000000091800000, 0x0000000091800000, 0x0000000091900000|  0%| F|  |TAMS 0x0000000091800000, 0x0000000091800000| Untracked 
| 235|0x0000000091900000, 0x0000000091900000, 0x0000000091a00000|  0%| F|  |TAMS 0x0000000091900000, 0x0000000091900000| Untracked 
| 236|0x0000000091a00000, 0x0000000091a00000, 0x0000000091b00000|  0%| F|  |TAMS 0x0000000091a00000, 0x0000000091a00000| Untracked 
| 237|0x0000000091b00000, 0x0000000091b00000, 0x0000000091c00000|  0%| F|  |TAMS 0x0000000091b00000, 0x0000000091b00000| Untracked 
| 238|0x0000000091c00000, 0x0000000091c00000, 0x0000000091d00000|  0%| F|  |TAMS 0x0000000091c00000, 0x0000000091c00000| Untracked 
| 239|0x0000000091d00000, 0x0000000091d00000, 0x0000000091e00000|  0%| F|  |TAMS 0x0000000091d00000, 0x0000000091d00000| Untracked 
| 240|0x0000000091e00000, 0x0000000091e00000, 0x0000000091f00000|  0%| F|  |TAMS 0x0000000091e00000, 0x0000000091e00000| Untracked 
| 241|0x0000000091f00000, 0x0000000091f03870, 0x0000000092000000|  1%| S|CS|TAMS 0x0000000091f00000, 0x0000000091f00000| Complete 
| 242|0x0000000092000000, 0x0000000092000000, 0x0000000092100000|  0%| F|  |TAMS 0x0000000092000000, 0x0000000092000000| Untracked 
| 243|0x0000000092100000, 0x0000000092100000, 0x0000000092200000|  0%| F|  |TAMS 0x0000000092100000, 0x0000000092100000| Untracked 

Card table byte_map: [0x00000244a2d10000,0x00000244a3100000] _byte_map_base: 0x00000244a28f9000

Marking Bits (Prev, Next): (CMBitMap*) 0x000002448efa6358, (CMBitMap*) 0x000002448efa6390
 Prev Bits: [0x00000244a34f0000, 0x00000244a5438000)
 Next Bits: [0x00000244a5440000, 0x00000244a7388000)

Polling page: 0x000002448d650000

Metaspace:

Usage:
  Non-class:      9.55 MB capacity,     9.35 MB ( 98%) used,   167.95 KB (  2%) free+waste,    42.44 KB ( <1%) overhead. 
      Class:      1.49 MB capacity,     1.30 MB ( 87%) used,   167.58 KB ( 11%) free+waste,    24.25 KB (  2%) overhead. 
       Both:     11.04 MB capacity,    10.65 MB ( 96%) used,   335.53 KB (  3%) free+waste,    66.69 KB ( <1%) overhead. 

Virtual space:
  Non-class space:       10.00 MB reserved,       9.75 MB ( 98%) committed 
      Class space:        1.00 GB reserved,       1.50 MB ( <1%) committed 
             Both:        1.01 GB reserved,      11.25 MB (  1%) committed 

Chunk freelists:
   Non-Class:  11.00 KB
       Class:  14.00 KB
        Both:  25.00 KB

CodeHeap 'non-profiled nmethods': size=120000Kb used=518Kb max_used=518Kb free=119481Kb
 bounds [0x000002449a990000, 0x000002449ac00000, 0x00000244a1ec0000]
CodeHeap 'profiled nmethods': size=120000Kb used=2596Kb max_used=2596Kb free=117403Kb
 bounds [0x0000024493460000, 0x00000244936f0000, 0x000002449a990000]
CodeHeap 'non-nmethods': size=5760Kb used=1238Kb max_used=1253Kb free=4521Kb
 bounds [0x0000024492ec0000, 0x0000024493130000, 0x0000024493460000]
 total_blobs=2297 nmethods=1453 adapters=520
 compilation: enabled
              stopped_count=0, restarted_count=0
 full_count=0

Compilation events (10 events):
Event: 10.144 Thread 0x00000244a9e61800 1449   !   4       sun.nio.cs.StreamEncoder::write (78 bytes)
Event: 10.157 Thread 0x00000244a9e64800 1450       3       java.awt.image.PackedColorModel::DecomposeMask (118 bytes)
Event: 10.159 Thread 0x00000244a9e64800 nmethod 1450 0x00000244936e5b10 code [0x00000244936e5d60, 0x00000244936e6370]
Event: 10.163 Thread 0x00000244a9e61800 nmethod 1449 0x000002449aa10110 code [0x000002449aa10300, 0x000002449aa10e48]
Event: 10.166 Thread 0x00000244a9e64800 1451   !   3       java.awt.color.ColorSpace::getInstance (300 bytes)
Event: 10.167 Thread 0x00000244a9e64800 nmethod 1451 0x00000244936e6710 code [0x00000244936e6a20, 0x00000244936e8170]
Event: 10.173 Thread 0x00000244a9e64800 1452       1       sun.awt.windows.WObjectPeer::getStateLock (5 bytes)
Event: 10.173 Thread 0x00000244a9e64800 nmethod 1452 0x000002449aa11790 code [0x000002449aa11940, 0x000002449aa11a78]
Event: 10.173 Thread 0x00000244a9e64800 1453       3       java.awt.Window::isOpaque (29 bytes)
Event: 10.175 Thread 0x00000244a9e64800 nmethod 1453 0x00000244936e8810 code [0x00000244936e8a00, 0x00000244936e9090]

GC Heap History (10 events):
Event: 9.932 GC heap after
{Heap after GC invocations=35 (full 0):
 garbage-first heap   total 173056K, used 52075K [0x0000000082e00000, 0x0000000100000000)
  region size 1024K, 1 young (1024K), 1 survivors (1024K)
 Metaspace       used 10864K, capacity 11303K, committed 11520K, reserved 1058816K
  class space    used 1330K, capacity 1522K, committed 1536K, reserved 1048576K
}
Event: 9.957 GC heap before
{Heap before GC invocations=36 (full 0):
 garbage-first heap   total 173056K, used 76651K [0x0000000082e00000, 0x0000000100000000)
  region size 1024K, 2 young (2048K), 1 survivors (1024K)
 Metaspace       used 10869K, capacity 11303K, committed 11520K, reserved 1058816K
  class space    used 1330K, capacity 1522K, committed 1536K, reserved 1048576K
}
Event: 9.962 GC heap after
{Heap after GC invocations=37 (full 0):
 garbage-first heap   total 249856K, used 35693K [0x0000000082e00000, 0x0000000100000000)
  region size 1024K, 1 young (1024K), 1 survivors (1024K)
 Metaspace       used 10869K, capacity 11303K, committed 11520K, reserved 1058816K
  class space    used 1330K, capacity 1522K, committed 1536K, reserved 1048576K
}
Event: 10.048 GC heap before
{Heap before GC invocations=38 (full 0):
 garbage-first heap   total 249856K, used 109421K [0x0000000082e00000, 0x0000000100000000)
  region size 1024K, 2 young (2048K), 1 survivors (1024K)
 Metaspace       used 10894K, capacity 11303K, committed 11520K, reserved 1058816K
  class space    used 1330K, capacity 1522K, committed 1536K, reserved 1048576K
}
Event: 10.049 GC heap after
{Heap after GC invocations=39 (full 0):
 garbage-first heap   total 249856K, used 84848K [0x0000000082e00000, 0x0000000100000000)
  region size 1024K, 1 young (1024K), 1 survivors (1024K)
 Metaspace       used 10894K, capacity 11303K, committed 11520K, reserved 1058816K
  class space    used 1330K, capacity 1522K, committed 1536K, reserved 1048576K
}
Event: 10.077 GC heap before
{Heap before GC invocations=40 (full 0):
 garbage-first heap   total 249856K, used 109424K [0x0000000082e00000, 0x0000000100000000)
  region size 1024K, 2 young (2048K), 1 survivors (1024K)
 Metaspace       used 10894K, capacity 11303K, committed 11520K, reserved 1058816K
  class space    used 1330K, capacity 1522K, committed 1536K, reserved 1048576K
}
Event: 10.078 GC heap after
{Heap after GC invocations=41 (full 0):
 garbage-first heap   total 249856K, used 35694K [0x0000000082e00000, 0x0000000100000000)
  region size 1024K, 1 young (1024K), 1 survivors (1024K)
 Metaspace       used 10894K, capacity 11303K, committed 11520K, reserved 1058816K
  class space    used 1330K, capacity 1522K, committed 1536K, reserved 1048576K
}
Event: 10.157 GC heap before
{Heap before GC invocations=42 (full 0):
 garbage-first heap   total 249856K, used 109422K [0x0000000082e00000, 0x0000000100000000)
  region size 1024K, 2 young (2048K), 1 survivors (1024K)
 Metaspace       used 10895K, capacity 11303K, committed 11520K, reserved 1058816K
  class space    used 1330K, capacity 1522K, committed 1536K, reserved 1048576K
}
Event: 10.158 GC heap after
{Heap after GC invocations=43 (full 0):
 garbage-first heap   total 249856K, used 84846K [0x0000000082e00000, 0x0000000100000000)
  region size 1024K, 1 young (1024K), 1 survivors (1024K)
 Metaspace       used 10895K, capacity 11303K, committed 11520K, reserved 1058816K
  class space    used 1330K, capacity 1522K, committed 1536K, reserved 1048576K
}
Event: 10.181 GC heap before
{Heap before GC invocations=44 (full 0):
 garbage-first heap   total 249856K, used 109422K [0x0000000082e00000, 0x0000000100000000)
  region size 1024K, 2 young (2048K), 1 survivors (1024K)
 Metaspace       used 10900K, capacity 11303K, committed 11520K, reserved 1058816K
  class space    used 1330K, capacity 1522K, committed 1536K, reserved 1048576K
}

Deoptimization events (10 events):
Event: 5.279 Thread 0x00000244a9e5c000 Uncommon trap: trap_request=0xffffffde fr.pc=0x000002449a9b6ff4 relative=0x0000000000000254
Event: 5.279 Thread 0x00000244a9e5c000 Uncommon trap: reason=class_check action=maybe_recompile pc=0x000002449a9b6ff4 method=java.lang.String.equals(Ljava/lang/Object;)Z @ 8 c2
Event: 5.279 Thread 0x00000244a9e5c000 DEOPT PACKING pc=0x000002449a9b6ff4 sp=0x00000061ce2f4ce0
Event: 5.279 Thread 0x00000244a9e5c000 DEOPT UNPACKING pc=0x0000024492ee922f sp=0x00000061ce2f4c78 mode 2
Event: 9.398 Thread 0x00000244a9e5c000 Uncommon trap: trap_request=0xffffff4d fr.pc=0x000002449a9b9a80 relative=0x0000000000000380
Event: 9.398 Thread 0x00000244a9e5c000 Uncommon trap: reason=unstable_if action=reinterpret pc=0x000002449a9b9a80 method=jdk.internal.org.objectweb.asm.Type.getArgumentsAndReturnSizes(Ljava/lang/String;)I @ 88 c2
Event: 9.398 Thread 0x00000244a9e5c000 DEOPT PACKING pc=0x000002449a9b9a80 sp=0x00000061ce2f9780
Event: 9.398 Thread 0x00000244a9e5c000 DEOPT UNPACKING pc=0x0000024492ee922f sp=0x00000061ce2f9718 mode 2
Event: 9.628 Thread 0x00000244a9e5c000 DEOPT PACKING pc=0x00000244936a73ff sp=0x00000061ce2fb020
Event: 9.628 Thread 0x00000244a9e5c000 DEOPT UNPACKING pc=0x0000024492ee904e sp=0x00000061ce2fa4b0 mode 0

Classes redefined (0 events):
No events

Internal exceptions (10 events):
Event: 0.522 Thread 0x000002448ef66000 Exception <a 'java/lang/NoSuchMethodError'{0x000000008a5d4d20}: 'java.lang.Object java.lang.invoke.DirectMethodHandle$Holder.invokeSpecial(java.lang.Object, java.lang.Object, int, java.lang.Object, java.lang.Object, java.lang.Object)'> (0x000000008a5d4d20
Event: 0.527 Thread 0x000002448ef66000 Exception <a 'java/lang/NoSuchMethodError'{0x000000008a5ec600}: 'java.lang.Object java.lang.invoke.DirectMethodHandle$Holder.invokeStatic(java.lang.Object, int, java.lang.Object)'> (0x000000008a5ec600) thrown at [c:/BuildAgent/work/5ff2f6c26000d570/src/ho
Event: 0.570 Thread 0x000002448ef66000 Exception <a 'java/lang/ClassNotFoundException'{0x000000008a4972c8}: com/sun/swing/internal/plaf/metal/resources/spi/metalProvider> (0x000000008a4972c8) thrown at [c:/BuildAgent/work/5ff2f6c26000d570/src/hotspot/share/classfile/systemDictionary.cpp, line 
Event: 0.572 Thread 0x000002448ef66000 Exception <a 'java/lang/ClassNotFoundException'{0x000000008a49b918}: com/sun/swing/internal/plaf/basic/resources/spi/basicProvider> (0x000000008a49b918) thrown at [c:/BuildAgent/work/5ff2f6c26000d570/src/hotspot/share/classfile/systemDictionary.cpp, line 
Event: 0.678 Thread 0x000002448ef66000 Exception <a 'java/lang/NoSuchMethodError'{0x000000008a32ce88}: 'void java.lang.invoke.DirectMethodHandle$Holder.invokeStaticInit(java.lang.Object)'> (0x000000008a32ce88) thrown at [c:/BuildAgent/work/5ff2f6c26000d570/src/hotspot/share/interpreter/linkRes
Event: 0.736 Thread 0x000002448ef66000 Exception <a 'java/lang/NoSuchMethodError'{0x000000008a2f0da0}: 'java.lang.Object java.lang.invoke.DirectMethodHandle$Holder.invokeStatic(java.lang.Object, java.lang.Object, java.lang.Object, java.lang.Object, java.lang.Object, java.lang.Object, java.lang
Event: 0.738 Thread 0x000002448ef66000 Exception <a 'java/lang/NoSuchMethodError'{0x000000008a10f688}: 'java.lang.Object java.lang.invoke.DirectMethodHandle$Holder.invokeStatic(java.lang.Object, java.lang.Object, java.lang.Object, java.lang.Object, java.lang.Object, java.lang.Object, java.lang
Event: 0.741 Thread 0x000002448ef66000 Exception <a 'java/lang/NoSuchMethodError'{0x000000008a12e620}: 'java.lang.Object java.lang.invoke.DirectMethodHandle$Holder.invokeStatic(java.lang.Object, java.lang.Object, java.lang.Object, java.lang.Object, java.lang.Object, java.lang.Object, java.lang
Event: 0.742 Thread 0x000002448ef66000 Exception <a 'java/lang/NoSuchMethodError'{0x000000008a13a658}: 'java.lang.Object java.lang.invoke.Invokers$Holder.linkToTargetMethod(java.lang.Object, int, java.lang.Object)'> (0x000000008a13a658) thrown at [c:/BuildAgent/work/5ff2f6c26000d570/src/hotspo
Event: 0.758 Thread 0x000002448ef66000 Exception <a 'java/lang/NoSuchMethodError'{0x000000008a184180}: 'java.lang.Object java.lang.invoke.DirectMethodHandle$Holder.invokeStatic(java.lang.Object, java.lang.Object, java.lang.Object, java.lang.Object, java.lang.Object, java.lang.Object, java.lang

Events (10 events):
Event: 10.089 Executing VM operation: CGC_Operation done
Event: 10.093 Executing VM operation: CGC_Operation
Event: 10.093 Executing VM operation: CGC_Operation done
Event: 10.157 Executing VM operation: G1CollectForAllocation
Event: 10.158 Executing VM operation: G1CollectForAllocation done
Event: 10.169 Executing VM operation: CGC_Operation
Event: 10.170 Executing VM operation: CGC_Operation done
Event: 10.173 Executing VM operation: CGC_Operation
Event: 10.174 Executing VM operation: CGC_Operation done
Event: 10.181 Executing VM operation: G1CollectForAllocation


Dynamic libraries:
0x00007ff68e0f0000 - 0x00007ff68e137000 	E:\IntelliJ IDEA Community Edition 2019.3\jbr\bin\java.exe
0x00007ffd1edd0000 - 0x00007ffd1efbd000 	C:\Windows\SYSTEM32\ntdll.dll
0x00007ffd1e500000 - 0x00007ffd1e5b3000 	C:\Windows\System32\KERNEL32.DLL
0x00007ffd1b750000 - 0x00007ffd1b9e5000 	C:\Windows\System32\KERNELBASE.dll
0x00007ffd1e160000 - 0x00007ffd1e2f7000 	C:\Windows\System32\USER32.dll
0x00007ffd1bfa0000 - 0x00007ffd1bfc0000 	C:\Windows\System32\win32u.dll
0x00007ffd1bfc0000 - 0x00007ffd1bfe9000 	C:\Windows\System32\GDI32.dll
0x00007ffd1bbd0000 - 0x00007ffd1bd6c000 	C:\Windows\System32\gdi32full.dll
0x00007ffd1af00000 - 0x00007ffd1afa0000 	C:\Windows\System32\msvcp_win.dll
0x00007ffd1b9f0000 - 0x00007ffd1baea000 	C:\Windows\System32\ucrtbase.dll
0x00007ffcfb090000 - 0x00007ffcfb309000 	C:\Windows\WinSxS\amd64_microsoft.windows.common-controls_6595b64144ccf1df_6.0.17763.1518_none_de6e2bd0534e2567\COMCTL32.dll
0x00007ffd1e330000 - 0x00007ffd1e3ce000 	C:\Windows\System32\msvcrt.dll
0x00007ffd1e930000 - 0x00007ffd1ec5d000 	C:\Windows\System32\combase.dll
0x00007ffd1e3d0000 - 0x00007ffd1e4f2000 	C:\Windows\System32\RPCRT4.dll
0x00007ffd1baf0000 - 0x00007ffd1bb6e000 	C:\Windows\System32\bcryptPrimitives.dll
0x00007ffd1e300000 - 0x00007ffd1e32e000 	C:\Windows\System32\IMM32.DLL
0x00007ffd0fbe0000 - 0x00007ffd0fbf7000 	E:\IntelliJ IDEA Community Edition 2019.3\jbr\bin\vcruntime140.dll
0x00007ffce2f90000 - 0x00007ffce302d000 	E:\IntelliJ IDEA Community Edition 2019.3\jbr\bin\msvcp140.dll
0x00007ffce2300000 - 0x00007ffce2db8000 	E:\IntelliJ IDEA Community Edition 2019.3\jbr\bin\server\jvm.dll
0x00007ffd1e7f0000 - 0x00007ffd1e893000 	C:\Windows\System32\ADVAPI32.dll
0x00007ffd1c6d0000 - 0x00007ffd1c76e000 	C:\Windows\System32\sechost.dll
0x00007ffd1c8b0000 - 0x00007ffd1c8b8000 	C:\Windows\System32\PSAPI.DLL
0x00007ffd02740000 - 0x00007ffd02749000 	C:\Windows\SYSTEM32\WSOCK32.dll
0x00007ffd13770000 - 0x00007ffd13794000 	C:\Windows\SYSTEM32\WINMM.dll
0x00007ffd10f10000 - 0x00007ffd10f1a000 	C:\Windows\SYSTEM32\VERSION.dll
0x00007ffd1df70000 - 0x00007ffd1dfdd000 	C:\Windows\System32\WS2_32.dll
0x00007ffd136b0000 - 0x00007ffd136dd000 	C:\Windows\SYSTEM32\WINMMBASE.dll
0x00007ffd1bf50000 - 0x00007ffd1bf9a000 	C:\Windows\System32\cfgmgr32.dll
0x00007ffd1ae10000 - 0x00007ffd1ae21000 	C:\Windows\System32\kernel.appcore.dll
0x00007ffd133c0000 - 0x00007ffd133d1000 	E:\IntelliJ IDEA Community Edition 2019.3\jbr\bin\verify.dll
0x00007ffd16570000 - 0x00007ffd1675d000 	C:\Windows\SYSTEM32\DBGHELP.DLL
0x00007ffd02f50000 - 0x00007ffd02f7a000 	C:\Windows\SYSTEM32\dbgcore.DLL
0x00007ffd11170000 - 0x00007ffd11199000 	E:\IntelliJ IDEA Community Edition 2019.3\jbr\bin\java.dll
0x00007ffd027d0000 - 0x00007ffd02804000 	E:\IntelliJ IDEA Community Edition 2019.3\jbr\bin\instrument.dll
0x00007ffd11cc0000 - 0x00007ffd11cd7000 	E:\IntelliJ IDEA Community Edition 2019.3\jbr\bin\zip.dll
0x00007ffd13440000 - 0x00007ffd1344b000 	E:\IntelliJ IDEA Community Edition 2019.3\jbr\bin\jimage.dll
0x00007ffd1c8c0000 - 0x00007ffd1ddb9000 	C:\Windows\System32\SHELL32.dll
0x00007ffd1ec60000 - 0x00007ffd1ed08000 	C:\Windows\System32\shcore.dll
0x00007ffd1afa0000 - 0x00007ffd1b6f2000 	C:\Windows\System32\windows.storage.dll
0x00007ffd1ade0000 - 0x00007ffd1ae04000 	C:\Windows\System32\profapi.dll
0x00007ffd1ad80000 - 0x00007ffd1addd000 	C:\Windows\System32\powrprof.dll
0x00007ffd1e620000 - 0x00007ffd1e672000 	C:\Windows\System32\shlwapi.dll
0x00007ffd1b700000 - 0x00007ffd1b717000 	C:\Windows\System32\cryptsp.dll
0x00007ffd110d0000 - 0x00007ffd110ea000 	E:\IntelliJ IDEA Community Edition 2019.3\jbr\bin\net.dll
0x00007ffd0c130000 - 0x00007ffd0c224000 	C:\Windows\SYSTEM32\WINHTTP.dll
0x00007ffd0bd10000 - 0x00007ffd0bee7000 	C:\Windows\SYSTEM32\urlmon.dll
0x00007ffd0c4e0000 - 0x00007ffd0c789000 	C:\Windows\SYSTEM32\iertutil.dll
0x00007ffd1a7c0000 - 0x00007ffd1a7cc000 	C:\Windows\SYSTEM32\CRYPTBASE.DLL
0x00007ffd1a5f0000 - 0x00007ffd1a657000 	C:\Windows\system32\mswsock.dll
0x00007ffd102e0000 - 0x00007ffd102f4000 	E:\IntelliJ IDEA Community Edition 2019.3\jbr\bin\nio.dll
0x00007ffd0d890000 - 0x00007ffd0d8aa000 	E:\IntelliJ IDEA Community Edition 2019.3\bin\breakgen64.dll
0x00007ffce3030000 - 0x00007ffce31d1000 	E:\IntelliJ IDEA Community Edition 2019.3\jbr\bin\awt.dll
0x00007ffd1c5a0000 - 0x00007ffd1c664000 	C:\Windows\System32\OLEAUT32.dll
0x00007ffd16030000 - 0x00007ffd1605e000 	C:\Windows\SYSTEM32\dwmapi.dll
0x00007ffd12a50000 - 0x00007ffd1300e000 	C:\Windows\SYSTEM32\d2d1.dll
0x00007ffd1bd70000 - 0x00007ffd1bf4c000 	C:\Windows\System32\CRYPT32.dll
0x00007ffd1ae30000 - 0x00007ffd1ae42000 	C:\Windows\System32\MSASN1.dll
0x00007ffd13ff0000 - 0x00007ffd1407c000 	C:\Windows\SYSTEM32\apphelp.dll
0x00007ffd153a0000 - 0x00007ffd1543c000 	C:\Windows\system32\uxtheme.dll
0x00007ffce8910000 - 0x00007ffce8a37000 	C:\Windows\system32\opengl32.dll
0x00007ffce9a50000 - 0x00007ffce9a7c000 	C:\Windows\SYSTEM32\GLU32.dll
0x00007ffd1e680000 - 0x00007ffd1e7eb000 	C:\Windows\System32\MSCTF.dll
0x00007ffd1dfe0000 - 0x00007ffd1e136000 	C:\Windows\System32\ole32.dll
0x00007ffd03110000 - 0x00007ffd03192000 	E:\IntelliJ IDEA Community Edition 2019.3\jbr\bin\freetype.dll
0x00007ffd02890000 - 0x00007ffd02938000 	E:\IntelliJ IDEA Community Edition 2019.3\jbr\bin\fontmanager.dll
0x00007ffd0e240000 - 0x00007ffd0e2d5000 	C:\Windows\System32\TextInputFramework.dll
0x00007ffd13b00000 - 0x00007ffd13be2000 	C:\Windows\System32\CoreMessaging.dll
0x00007ffd0dd80000 - 0x00007ffd0e0a2000 	C:\Windows\System32\CoreUIComponents.dll
0x00007ffd19df0000 - 0x00007ffd19e21000 	C:\Windows\SYSTEM32\ntmarta.dll
0x00007ffd151c0000 - 0x00007ffd15313000 	C:\Windows\SYSTEM32\wintypes.dll
0x00007ffd1c7f0000 - 0x00007ffd1c892000 	C:\Windows\System32\clbcatq.dll
0x00007ffcf8560000 - 0x00007ffcf8718000 	C:\Windows\SYSTEM32\WindowsCodecs.dll
0x00007ffce9b50000 - 0x00007ffce9ba6000 	C:\Windows\system32\dataexchange.dll
0x00007ffd127d0000 - 0x00007ffd12a4e000 	C:\Windows\system32\d3d11.dll
0x00007ffd134e0000 - 0x00007ffd136a4000 	C:\Windows\system32\dcomp.dll
0x00007ffd19aa0000 - 0x00007ffd19b62000 	C:\Windows\system32\dxgi.dll
0x00007ffd16060000 - 0x00007ffd16274000 	C:\Windows\system32\twinapi.appcore.dll
0x00007ffd16330000 - 0x00007ffd16358000 	C:\Windows\system32\RMCLIENT.dll

dbghelp: loaded successfully - version: 4.0.5 - missing functions: none
symbol engine: initialized successfully - sym options: 0x614 - pdb path: .;E:\IntelliJ IDEA Community Edition 2019.3\jbr\bin;C:\Windows\SYSTEM32;C:\Windows\WinSxS\amd64_microsoft.windows.common-controls_6595b64144ccf1df_6.0.17763.1518_none_de6e2bd0534e2567;E:\IntelliJ IDEA Community Edition 2019.3\jbr\bin\server;E:\IntelliJ IDEA Community Edition 2019.3\bin

VM Arguments:
jvm_args: -javaagent:E:\IntelliJ IDEA Community Edition 2019.3\lib\idea_rt.jar=3804:E:\IntelliJ IDEA Community Edition 2019.3\bin -Dfile.encoding=UTF-8 
java_command: Main
java_class_path (initial): E:\\Task3\out\production\Task3
Launcher Type: SUN_STANDARD

[Global flags]
     intx CICompilerCount                          = 4                                         {product} {ergonomic}
     uint ConcGCThreads                            = 2                                         {product} {ergonomic}
     uint G1ConcRefinementThreads                  = 8                                         {product} {ergonomic}
   size_t G1HeapRegionSize                         = 1048576                                   {product} {ergonomic}
    uintx GCDrainStackTargetSize                   = 64                                        {product} {ergonomic}
   size_t InitialHeapSize                          = 132120576                                 {product} {ergonomic}
   size_t MarkStackSize                            = 4194304                                   {product} {ergonomic}
   size_t MaxHeapSize                              = 2099249152                                {product} {ergonomic}
   size_t MaxNewSize                               = 1259339776                                {product} {ergonomic}
   size_t MinHeapDeltaBytes                        = 1048576                                   {product} {ergonomic}
    uintx NonNMethodCodeHeapSize                   = 5835340                                {pd product} {ergonomic}
    uintx NonProfiledCodeHeapSize                  = 122911450                              {pd product} {ergonomic}
    uintx ProfiledCodeHeapSize                     = 122911450                              {pd product} {ergonomic}
    uintx ReservedCodeCacheSize                    = 251658240                              {pd product} {ergonomic}
     bool SegmentedCodeCache                       = true                                      {product} {ergonomic}
     bool UseCompressedClassPointers               = true                                 {lp64_product} {ergonomic}
     bool UseCompressedOops                        = true                                 {lp64_product} {ergonomic}
     bool UseG1GC                                  = true                                      {product} {ergonomic}
     bool UseLargePagesIndividualAllocation        = false                                  {pd product} {ergonomic}

Logging:
Log output configuration:
 #0: stdout all=warning uptime,level,tags
 #1: stderr all=off uptime,level,tags

Environment Variables:
PATH=C:\app\Lenovo\product\dbhomeXE\bin;C:\Program Files (x86)\Common Files\Oracle\Java\javapath;C:\Windows\system32;C:\Windows;C:\Windows\System32\Wbem;C:\Windows\System32\WindowsPowerShell\v1.0\;C:\Windows\System32\OpenSSH\;E:\Git\cmd;C:\Users\Lenovo\AppData\Local\Microsoft\WindowsApps;
USERNAME=Lenovo
OS=Windows_NT
PROCESSOR_IDENTIFIER=Intel64 Family 6 Model 142 Stepping 12, GenuineIntel



---------------  S Y S T E M  ---------------

OS: Windows 10 , 64 bit Build 17763 (10.0.17763.475)

CPU:total 8 (initial active 8) (4 cores per cpu, 2 threads per core) family 6 model 142 stepping 12, cmov, cx8, fxsr, mmx, sse, sse2, sse3, ssse3, sse4.1, sse4.2, popcnt, avx, avx2, aes, clmul, erms, 3dnowpref, lzcnt, ht, tsc, tscinvbit, bmi1, bmi2, adx, fma

Memory: 4k page, system-wide physical 8005M (2069M free)
TotalPageFile size 10053M (AvailPageFile size 71M)
current process WorkingSet (physical memory assigned to process): 190M, peak: 190M
current process commit charge ("private bytes"): 352M, peak: 473M

vm_info: OpenJDK 64-Bit Server VM (11.0.4+10-b520.11) for windows-amd64 JRE (11.0.4+10-b520.11), built on Nov 16 2019 04:35:14 by "" with MS VC++ 14.0 (VS2015)

END.
